<?xml version="1.0" encoding="UTF-8" ?>
<testsuite errors="0" failures="6" hostname="Bassman" name="Configuracion.FollowerTest" tests="6" time="0.187" timestamp="2012-12-07T13:02:14">
  <properties>
    <property name="libs.jsp-compiler.javadoc" value="" />
    <property name="toolkit.home" value="C:/Program Files/NetBeans 7.2.1/mobility/Java_ME_platform_SDK_3.2" />
    <property name="netbeans.autoupdate.country" value="ES" />
    <property name="nb.wait.for.caches" value="true" />
    <property name="release.dir" value="3.2" />
    <property name="javac.test.classpath" value="C:\Program Files\NetBeans 7.2.1\java\modules\ext\hibernate\antlr-2.7.6.jar;C:\Program Files\NetBeans 7.2.1\java\modules\ext\hibernate\asm.jar;C:\Program Files\NetBeans 7.2.1\java\modules\ext\hibernate\asm-attrs.jar;C:\Program Files\NetBeans 7.2.1\java\modules\ext\hibernate\cglib-2.1.3.jar;C:\Program Files\NetBeans 7.2.1\java\modules\ext\hibernate\commons-collections-2.1.1.jar;C:\Program Files\NetBeans 7.2.1\ide\modules\org-apache-commons-logging.jar;C:\Program Files\NetBeans 7.2.1\java\modules\ext\hibernate\dom4j-1.6.1.jar;C:\Program Files\NetBeans 7.2.1\java\modules\ext\hibernate\ehcache-1.2.3.jar;C:\Program Files\NetBeans 7.2.1\java\modules\ext\hibernate\jdbc2_0-stdext.jar;C:\Program Files\NetBeans 7.2.1\java\modules\ext\hibernate\jta.jar;C:\Program Files\NetBeans 7.2.1\java\modules\ext\hibernate\hibernate3.jar;C:\Program Files\NetBeans 7.2.1\java\modules\ext\hibernate\hibernate-tools.jar;C:\Program Files\NetBeans 7.2.1\java\modules\ext\hibernate\hibernate-annotations.jar;C:\Program Files\NetBeans 7.2.1\java\modules\ext\hibernate\hibernate-commons-annotations.jar;C:\Program Files\NetBeans 7.2.1\java\modules\ext\hibernate\hibernate-entitymanager.jar;C:\Program Files\NetBeans 7.2.1\java\modules\ext\hibernate\javassist.jar:C:\Program Files\NetBeans 7.2.1\java\modules\ext\hibernate\ejb3-persistence.jar:C:\Program Files\NetBeans 7.2.1\ide\modules\ext\mysql-connector-java-5.1.22\mysql-connector-java-5.1.22-bin.jar:build/classes:C:\Program Files\NetBeans 7.2.1\platform\modules\ext\junit-4.10.jar" />
    <property name="libs.jsf20.maven-pom" value="" />
    <property name="libs.j2me_ant_ext.javadoc" value="" />
    <property name="libs.junit.javadoc" value="C:\Program Files\NetBeans 7.2.1\java\docs\junit-3.8.2-api.zip" />
    <property name="libs.nokiaS80-ant-utils.javadoc" value="" />
    <property name="jsr120.sms.recommended.size" value="480" />
    <property name="ant.core.lib" value="C:\Program Files\NetBeans 7.2.1\java\ant\lib\ant.jar" />
    <property name="libs.swing-app-framework.src" value="" />
    <property name="libs.jakarta_slide_ant_webdav.javadoc" value="" />
    <property name="javadoc.windowtitle" value="" />
    <property name="swing.defaultlaf" value="com.sun.java.swing.plaf.windows.WindowsLookAndFeel" />
    <property name="libs.jsp-compilation.javadoc" value="" />
    <property name="product.shortname" value="Oracle Java(TM) ME SDK 3.2" />
    <property name="user.dir" value="C:\Users\Administrador\Documents\facu\4\programacion2\CanarioEjemplo" />
    <property name="libs.hibernate-persistence.javadoc" value="" />
    <property name="libs.JMUnit4CLDC10.javadoc" value="C:\Program Files\NetBeans 7.2.1\mobility\modules\docs\jmunit-1.2.1-api.zip" />
    <property name="java.vm.version" value="22.1-b02" />
    <property name="libs.jstl11.maven-pom" value="" />
    <property name="libs.Java-EE-GlassFish-v3.wsimport" value="" />
    <property name="libs.MySQLDriver.classpath" value="C:\Program Files\NetBeans 7.2.1\ide\modules\ext\mysql-connector-java-5.1.18-bin.jar" />
    <property name="libs.facelets-1-1-14-el-api.maven-pom" value="" />
    <property name="libs.eclipselinkmodelgen.src" value="" />
    <property name="libs.jstl11.src" value="" />
    <property name="javadoc.notree" value="false" />
    <property name="emulator.connect.timeout" value="150000" />
    <property name="netbeans.autoupdate.version" value="1.23" />
    <property name="libs.EclipseLink-GlassFish-v3.classpath" value="C:\Users\Administrador\GlassFish_Server\glassfish\modules\org.eclipse.persistence.antlr.jar;C:\Users\Administrador\GlassFish_Server\glassfish\modules\org.eclipse.persistence.asm.jar;C:\Users\Administrador\GlassFish_Server\glassfish\modules\org.eclipse.persistence.core.jar;C:\Users\Administrador\GlassFish_Server\glassfish\modules\org.eclipse.persistence.jpa.jar;C:\Users\Administrador\GlassFish_Server\glassfish\modules\org.eclipse.persistence.jpa.modelgen.jar;C:\Users\Administrador\GlassFish_Server\glassfish\modules\org.eclipse.persistence.moxy.jar;C:\Users\Administrador\GlassFish_Server\glassfish\modules\org.eclipse.persistence.oracle.jar;C:\Users\Administrador\GlassFish_Server\glassfish\modules\javax.persistence.jar" />
    <property name="libs.javaee-web-api-6.0.classpath" value="C:\Program Files\NetBeans 7.2.1\enterprise\modules\ext\javaee-web-api-6.0.jar" />
    <property name="libs.hibernate-support.maven-pom" value="" />
    <property name="libs.hibernate-support.javadoc" value="" />
    <property name="libs.struts2.classpath" value="C:\Program Files\struts-2.3.7\lib\asm-3.3.jar;C:\Program Files\struts-2.3.7\lib\asm-commons-3.3.jar;C:\Program Files\struts-2.3.7\lib\commons-beanutils-1.8.0.jar;C:\Program Files\struts-2.3.7\lib\commons-chain-1.2.jar;C:\Program Files\struts-2.3.7\lib\commons-collections-3.1.jar;C:\Program Files\struts-2.3.7\lib\commons-digester-2.0.jar;C:\Program Files\struts-2.3.7\lib\commons-fileupload-1.2.2.jar;C:\Program Files\struts-2.3.7\lib\commons-io-2.0.1.jar;C:\Program Files\struts-2.3.7\lib\commons-lang-2.4.jar;C:\Program Files\struts-2.3.7\lib\commons-lang3-3.1.jar;C:\Program Files\struts-2.3.7\lib\commons-logging-1.1.1.jar;C:\Program Files\struts-2.3.7\lib\commons-logging-api-1.1.jar;C:\Program Files\struts-2.3.7\lib\commons-validator-1.3.1.jar;C:\Program Files\struts-2.3.7\lib\freemarker-2.3.19.jar;C:\Program Files\struts-2.3.7\lib\javassist-3.11.0.GA.jar;C:\Program Files\struts-2.3.7\lib\json-lib-2.3-jdk15.jar;C:\Program Files\struts-2.3.7\lib\ognl-3.0.5.jar;C:\Program Files\struts-2.3.7\lib\spring-aop-3.0.5.RELEASE.jar;C:\Program Files\struts-2.3.7\lib\spring-asm-3.0.5.RELEASE.jar;C:\Program Files\struts-2.3.7\lib\spring-beans-3.0.5.RELEASE.jar;C:\Program Files\struts-2.3.7\lib\spring-core-3.0.5.RELEASE.jar;C:\Program Files\struts-2.3.7\lib\spring-test-3.0.5.RELEASE.jar;C:\Program Files\struts-2.3.7\lib\spring-web-3.0.5.RELEASE.jar;C:\Program Files\struts-2.3.7\lib\struts2-core-2.3.7.jar;C:\Program Files\struts-2.3.7\lib\struts2-dojo-plugin-2.3.7.jar;C:\Program Files\struts-2.3.7\lib\struts2-jsf-plugin-2.3.7.jar;C:\Program Files\struts-2.3.7\lib\struts2-json-plugin-2.3.7.jar;C:\Program Files\struts-2.3.7\lib\struts2-junit-plugin-2.3.7.jar;C:\Program Files\struts-2.3.7\lib\struts2-spring-plugin-2.3.7.jar;C:\Program Files\struts-2.3.7\lib\struts2-testng-plugin-2.3.7.jar;C:\Program Files\struts-2.3.7\lib\testng-5.1-jdk15.jar;C:\Program Files\struts-2.3.7\lib\xwork-core-2.3.7.jar" />
    <property name="jdk.home" value="C:\Program Files\Java\jdk1.7.0_03" />
    <property name="libs.javac-api.src" value="" />
    <property name="javadoc.noindex" value="false" />
    <property name="libs.Selenium.src" value="C:\Users\Administrador\AppData\Roaming\NetBeans\7.2.1\modules\ext\selenium\selenium-java-client-driver-sources-2.16.1.jar" />
    <property name="sun.os.patch.level" value="" />
    <property name="do.archive+manifest.available" value="true" />
    <property name="java.vm.specification.name" value="Java Virtual Machine Specification" />
    <property name="libs.semc-ant-utils.classpath" value="C:\Program Files\NetBeans 7.2.1\mobility\modules\ext\org-netbeans-modules-j2me-cdc-project-semc.jar" />
    <property name="nb.show.statistics.ui" value="usageStatisticsEnabled" />
    <property name="libs.nokiadeployment.classpath" value="C:\Program Files\NetBeans 7.2.1\mobility\modules\org-netbeans-modules-mobility-deployment-nokia.jar" />
    <property name="netbeans.autoupdate.variant" value="" />
    <property name="have.tests" value="true" />
    <property name="libs.nokiaS80-ant-utils.maven-pom" value="" />
    <property name="org.xml.sax.driver" value="com.sun.org.apache.xerces.internal.jaxp.SAXParserImpl$JAXPSAXParser" />
    <property name="cdc-hi.bootclasspath" value="cdc_1.1.jar,fp_1.1.jar,pbp_1.1.jar,secop_1.0.jar,agui_1.0.jar" />
    <property name="libs.javac-api.javadoc" value="" />
    <property name="os.name" value="Windows 7" />
    <property name="libs.beans-binding.classpath" value="C:\Program Files\NetBeans 7.2.1\java\modules\ext\beansbinding-1.2.1.jar" />
    <property name="libs.struts2.src" value="" />
    <property name="ap.proc.none.internal" value="" />
    <property name="platforms.Java_TM__Platform_Micro_Edition_SDK_3_0.preverifycommandline" value="" />
    <property name="ant.file.CanarioEjemplo-impl" value="C:\Users\Administrador\Documents\facu\4\programacion2\CanarioEjemplo\nbproject\build-impl.xml" />
    <property name="libs.restapi.javadoc" value="C:\Program Files\NetBeans 7.2.1\enterprise\docs\jsr311-api-1.1.1-javadoc.zip" />
    <property name="libs.JWSAntTasks.maven-pom" value="" />
    <property name="cldc-hi-sim.bootclasspath" value="cldc_1.0.jar,cldc_1.1.jar,midp_2.0.jar,midp_2.1.jar,jsr75_1.0.jar,jsr120_1.1.jar,jsr135_1.2.jar,jsr177_1.0.jar,jsr211_1.0.jar" />
    <property name="jnlp.signing.keystore" value="" />
    <property name="libs.testng.src" value="" />
    <property name="libs.ojec-ant-utils.src" value="" />
    <property name="libs.Selenium.classpath" value="C:\Users\Administrador\AppData\Roaming\NetBeans\7.2.1\modules\ext\selenium-client-2.16.1\bsh-1.3.0.jar;C:\Users\Administrador\AppData\Roaming\NetBeans\7.2.1\modules\ext\selenium-client-2.16.1\cglib-nodep-2.1_3.jar;C:\Users\Administrador\AppData\Roaming\NetBeans\7.2.1\modules\ext\selenium-client-2.16.1\commons-codec-1.4.jar;C:\Users\Administrador\AppData\Roaming\NetBeans\7.2.1\modules\ext\selenium-client-2.16.1\commons-collections-3.2.1.jar;C:\Users\Administrador\AppData\Roaming\NetBeans\7.2.1\modules\ext\selenium-client-2.16.1\commons-exec-1.1.jar;C:\Users\Administrador\AppData\Roaming\NetBeans\7.2.1\modules\ext\selenium-client-2.16.1\commons-io-2.0.1.jar;C:\Users\Administrador\AppData\Roaming\NetBeans\7.2.1\modules\ext\selenium-client-2.16.1\commons-jxpath-1.3.jar;C:\Users\Administrador\AppData\Roaming\NetBeans\7.2.1\modules\ext\selenium-client-2.16.1\commons-lang-2.6.jar;C:\Users\Administrador\AppData\Roaming\NetBeans\7.2.1\modules\ext\selenium-client-2.16.1\commons-logging-1.1.1.jar;C:\Users\Administrador\AppData\Roaming\NetBeans\7.2.1\modules\ext\selenium-client-2.16.1\cssparser-0.9.5.jar;C:\Users\Administrador\AppData\Roaming\NetBeans\7.2.1\modules\ext\selenium-client-2.16.1\guava-10.0.1.jar;C:\Users\Administrador\AppData\Roaming\NetBeans\7.2.1\modules\ext\selenium-client-2.16.1\hamcrest-all-1.1.jar;C:\Users\Administrador\AppData\Roaming\NetBeans\7.2.1\modules\ext\selenium-client-2.16.1\htmlunit-2.9.jar;C:\Users\Administrador\AppData\Roaming\NetBeans\7.2.1\modules\ext\selenium-client-2.16.1\htmlunit-core-js-2.9.jar;C:\Users\Administrador\AppData\Roaming\NetBeans\7.2.1\modules\ext\selenium-client-2.16.1\httpclient-4.1.2.jar;C:\Users\Administrador\AppData\Roaming\NetBeans\7.2.1\modules\ext\selenium-client-2.16.1\httpcore-4.1.3.jar;C:\Users\Administrador\AppData\Roaming\NetBeans\7.2.1\modules\ext\selenium-client-2.16.1\httpmime-4.1.2.jar;C:\Users\Administrador\AppData\Roaming\NetBeans\7.2.1\modules\ext\selenium-client-2.16.1\jcommander-1.13.jar;C:\Users\Administrador\AppData\Roaming\NetBeans\7.2.1\modules\ext\selenium-client-2.16.1\jna-3.4.0.jar;C:\Users\Administrador\AppData\Roaming\NetBeans\7.2.1\modules\ext\selenium-client-2.16.1\jna-platform-3.4.0.jar;C:\Users\Administrador\AppData\Roaming\NetBeans\7.2.1\modules\ext\selenium-client-2.16.1\json-20080701.jar;C:\Users\Administrador\AppData\Roaming\NetBeans\7.2.1\modules\ext\selenium-client-2.16.1\junit-dep-4.10.jar;C:\Users\Administrador\AppData\Roaming\NetBeans\7.2.1\modules\ext\selenium-client-2.16.1\nekohtml-1.9.15.jar;C:\Users\Administrador\AppData\Roaming\NetBeans\7.2.1\modules\ext\selenium-client-2.16.1\operadriver-v0.8.1.jar;C:\Users\Administrador\AppData\Roaming\NetBeans\7.2.1\modules\ext\selenium-client-2.16.1\protobuf-java-2.4.1.jar;C:\Users\Administrador\AppData\Roaming\NetBeans\7.2.1\modules\ext\selenium-client-2.16.1\sac-1.3.jar;C:\Users\Administrador\AppData\Roaming\NetBeans\7.2.1\modules\ext\selenium-client-2.16.1\selenium-java-2.16.1.jar;C:\Users\Administrador\AppData\Roaming\NetBeans\7.2.1\modules\ext\selenium-client-2.16.1\serializer-2.7.1.jar;C:\Users\Administrador\AppData\Roaming\NetBeans\7.2.1\modules\ext\selenium-client-2.16.1\testng-6.0.1-nobsh-noguice.jar;C:\Users\Administrador\AppData\Roaming\NetBeans\7.2.1\modules\ext\selenium-client-2.16.1\xalan-2.7.1.jar;C:\Users\Administrador\AppData\Roaming\NetBeans\7.2.1\modules\ext\selenium-client-2.16.1\xercesImpl-2.9.1.jar;C:\Users\Administrador\AppData\Roaming\NetBeans\7.2.1\modules\ext\selenium-client-2.16.1\xml-apis-1.3.04.jar" />
    <property name="cldc-hi-web.bootclasspath" value="cldc_1.0.jar,cldc_1.1.jar,midp_2.0.jar,midp_2.1.jar,jsr75_1.0.jar,jsr120_1.1.jar,jsr135_1.2.jar,jsr179_1.0.jar,jsr211_1.0.jar,jsr256_1.2.jar,jsr280_1.0.jar" />
    <property name="libs.spring-webmvc3.0.src" value="" />
    <property name="libs.restapi.classpath" value="C:\Program Files\NetBeans 7.2.1\enterprise\modules\ext\rest\jsr311-api-1.1.1.jar" />
    <property name="java.vendor.url.bug" value="http://bugreport.sun.com/bugreport/" />
    <property name="libs.jaxb.maven-pom" value="" />
    <property name="os.arch" value="x86" />
    <property name="libs.eclipselink.src" value="" />
    <property name="user.name" value="Administrador" />
    <property name="libs.facelets-1-1-14.maven-pom" value="" />
    <property name="libs.jsf12.javadoc" value="C:\Program Files\NetBeans 7.2.1\enterprise\docs\javaee6-doc-api.zip" />
    <property name="libs.Comet-GlassFish-v3.javadoc" value="" />
    <property name="copylibs.rebase" value="true" />
    <property name="jsr120.mms.maximum.size" value="1048576" />
    <property name="manifest.available+main.class" value="true" />
    <property name="libs.spring-webmvc3.0.maven-pom" value="" />
    <property name="libs.swing-layout.maven-pom" value="" />
    <property name="sun.java.command" value="org.apache.tools.ant.taskdefs.optional.junit.JUnitTestRunner Configuracion.FollowerTest filtertrace=true haltOnError=false haltOnFailure=false showoutput=true outputtoformatters=true logfailedtests=true logtestlistenerevents=true formatter=org.apache.tools.ant.taskdefs.optional.junit.BriefJUnitResultFormatter formatter=org.apache.tools.ant.taskdefs.optional.junit.XMLJUnitResultFormatter,C:\Users\Administrador\Documents\facu\4\programacion2\CanarioEjemplo\build\test\results\TEST-Configuracion.FollowerTest.xml crashfile=C:\Users\Administrador\Documents\facu\4\programacion2\CanarioEjemplo\build\junitvmwatcher6425261047859884081.properties propsfile=C:\Users\Administrador\Documents\facu\4\programacion2\CanarioEjemplo\build\junit889623601466246187.properties" />
    <property name="build.classes.dir" value="build/classes" />
    <property name="netbeans.accept_license_class" value="org.netbeans.license.AcceptLicense" />
    <property name="jnlp.descriptor" value="application" />
    <property name="libs.Java-EE-GlassFish-v3.wsjwsdp" value="" />
    <property name="build.sysclasspath" value="ignore" />
    <property name="ap.supported.internal" value="true" />
    <property name="is.mesdk_jsr211" value="true" />
    <property name="libs.jaxws21.javadoc" value="C:\Program Files\NetBeans 7.2.1\java\docs\jaxws-api-doc.zip" />
    <property name="http.server.port" value="54465" />
    <property name="includes" value="**" />
    <property name="libs.ojec-ant-utils.maven-pom" value="" />
    <property name="user.country" value="ES" />
    <property name="manifest.file" value="manifest.mf" />
    <property name="libs.jstl11.javadoc" value="C:\Program Files\NetBeans 7.2.1\enterprise\docs\javaee6-doc-api.zip" />
    <property name="libs.JMUnit4CLDC11.src" value="" />
    <property name="javadoc.encoding" value="UTF-8" />
    <property name="javac.classpath" value="C:\Program Files\NetBeans 7.2.1\java\modules\ext\hibernate\antlr-2.7.6.jar;C:\Program Files\NetBeans 7.2.1\java\modules\ext\hibernate\asm.jar;C:\Program Files\NetBeans 7.2.1\java\modules\ext\hibernate\asm-attrs.jar;C:\Program Files\NetBeans 7.2.1\java\modules\ext\hibernate\cglib-2.1.3.jar;C:\Program Files\NetBeans 7.2.1\java\modules\ext\hibernate\commons-collections-2.1.1.jar;C:\Program Files\NetBeans 7.2.1\ide\modules\org-apache-commons-logging.jar;C:\Program Files\NetBeans 7.2.1\java\modules\ext\hibernate\dom4j-1.6.1.jar;C:\Program Files\NetBeans 7.2.1\java\modules\ext\hibernate\ehcache-1.2.3.jar;C:\Program Files\NetBeans 7.2.1\java\modules\ext\hibernate\jdbc2_0-stdext.jar;C:\Program Files\NetBeans 7.2.1\java\modules\ext\hibernate\jta.jar;C:\Program Files\NetBeans 7.2.1\java\modules\ext\hibernate\hibernate3.jar;C:\Program Files\NetBeans 7.2.1\java\modules\ext\hibernate\hibernate-tools.jar;C:\Program Files\NetBeans 7.2.1\java\modules\ext\hibernate\hibernate-annotations.jar;C:\Program Files\NetBeans 7.2.1\java\modules\ext\hibernate\hibernate-commons-annotations.jar;C:\Program Files\NetBeans 7.2.1\java\modules\ext\hibernate\hibernate-entitymanager.jar;C:\Program Files\NetBeans 7.2.1\java\modules\ext\hibernate\javassist.jar:C:\Program Files\NetBeans 7.2.1\java\modules\ext\hibernate\ejb3-persistence.jar:C:\Program Files\NetBeans 7.2.1\ide\modules\ext\mysql-connector-java-5.1.22\mysql-connector-java-5.1.22-bin.jar" />
    <property name="libs.jsp-compilation-syscp.src" value="" />
    <property name="debug-transport" value="dt_shmem" />
    <property name="netbeans.home" value="C:\Program Files\NetBeans 7.2.1\platform" />
    <property name="build.compiler.emacs" value="true" />
    <property name="libs.javaee-web-api-6.0.src" value="" />
    <property name="libs.lwuit.maven-pom" value="" />
    <property name="libs.ejb3-persistence.src" value="" />
    <property name="libs.Java-EE-GlassFish-v3.javadoc" value="C:\Program Files\NetBeans 7.2.1\enterprise\docs\javaee6-doc-api.zip" />
    <property name="is.mesdk_profiler" value="true" />
    <property name="libs.jsp-compilation-syscp.classpath" value="C:\Program Files\NetBeans 7.2.1\java\ant\lib\ant.jar;C:\Program Files\NetBeans 7.2.1\enterprise\modules\ext\servlet3.0-jsp2.2-api.jar;C:\Program Files\NetBeans 7.2.1\enterprise\modules\ext\glassfish-jspparser-3.0.jar;C:\Program Files\NetBeans 7.2.1\enterprise\modules\ext\standard.jar;C:\Program Files\NetBeans 7.2.1\enterprise\modules\ext\jsf-2_1\jsf-impl.jar" />
    <property name="libs.nokiaS80-ant-utils.src" value="" />
    <property name="libs.cdc-pp-awt-layout.javadoc" value="" />
    <property name="libs.j2me_ant_ext.classpath" value="C:\Program Files\NetBeans 7.2.1\mobility\modules\org-netbeans-modules-mobility-antext.jar;C:\Program Files\NetBeans 7.2.1\java\modules\org-netbeans-modules-classfile.jar" />
    <property name="java.endorsed.dirs" value="C:\Program Files\Java\jdk1.7.0_03\jre\lib\endorsed" />
    <property name="libs.Comet-GlassFish-v3.maven-pom" value="" />
    <property name="ant.file.type.CanarioEjemplo" value="file" />
    <property name="libs.groovy-all.src" value="" />
    <property name="netbeans.dynamic.classpath" value="C:\Program Files\NetBeans 7.2.1\platform\core\core.jar;C:\Program Files\NetBeans 7.2.1\platform\core\org-openide-filesystems.jar;C:\Program Files\NetBeans 7.2.1\platform\core\locale\core_ja.jar;C:\Program Files\NetBeans 7.2.1\platform\core\locale\core_pt_BR.jar;C:\Program Files\NetBeans 7.2.1\platform\core\locale\core_ru.jar;C:\Program Files\NetBeans 7.2.1\platform\core\locale\core_zh_CN.jar;C:\Program Files\NetBeans 7.2.1\platform\core\locale\org-openide-filesystems_ja.jar;C:\Program Files\NetBeans 7.2.1\platform\core\locale\org-openide-filesystems_pt_BR.jar;C:\Program Files\NetBeans 7.2.1\platform\core\locale\org-openide-filesystems_ru.jar;C:\Program Files\NetBeans 7.2.1\platform\core\locale\org-openide-filesystems_zh_CN.jar;C:\Program Files\NetBeans 7.2.1\nb\core\org-netbeans-upgrader.jar;C:\Program Files\NetBeans 7.2.1\nb\core\locale\core_nb.jar;C:\Program Files\NetBeans 7.2.1\nb\core\locale\core_nb_ja.jar;C:\Program Files\NetBeans 7.2.1\nb\core\locale\core_nb_pt_BR.jar;C:\Program Files\NetBeans 7.2.1\nb\core\locale\core_nb_ru.jar;C:\Program Files\NetBeans 7.2.1\nb\core\locale\core_nb_zh_CN.jar;C:\Program Files\NetBeans 7.2.1\nb\core\locale\org-netbeans-upgrader_ja.jar;C:\Program Files\NetBeans 7.2.1\nb\core\locale\org-netbeans-upgrader_pt_BR.jar;C:\Program Files\NetBeans 7.2.1\nb\core\locale\org-netbeans-upgrader_ru.jar;C:\Program Files\NetBeans 7.2.1\nb\core\locale\org-netbeans-upgrader_zh_CN.jar" />
    <property name="libs.cdc-agui-swing-layout.maven-pom" value="" />
    <property name="jnlp.enabled" value="false" />
    <property name="libs.cdc-pp-awt-layout.src" value="C:\Program Files\NetBeans 7.2.1\mobility\sources\cdc-pp-awt-layout-src.zip" />
    <property name="libs.struts2.javadoc" value="" />
    <property name="backlight.timeout" value="2000" />
    <property name="java.vm.specification.version" value="1.7" />
    <property name="libs.jakarta_slide_ant_webdav.src" value="" />
    <property name="libs.primefaces.classpath" value="C:\Program Files\NetBeans 7.2.1\enterprise\modules\ext\primefaces\primefaces-3.2.jar" />
    <property name="libs.javaee-api-6.0.classpath" value="C:\Program Files\NetBeans 7.2.1\enterprise\modules\ext\javaee-api-6.0.jar" />
    <property name="libs.sjmc-ant-utils.maven-pom" value="" />
    <property name="libs.groovy-all.maven-pom" value="" />
    <property name="libs.JMUnit4CLDC10.maven-pom" value="" />
    <property name="netbeans.productversion" value="NetBeans IDE 7.2.1 (Build 201210100934)" />
    <property name="libs.hibernate-persistence.classpath" value="C:\Program Files\NetBeans 7.2.1\java\modules\ext\hibernate\antlr-2.7.6.jar;C:\Program Files\NetBeans 7.2.1\java\modules\ext\hibernate\asm.jar;C:\Program Files\NetBeans 7.2.1\java\modules\ext\hibernate\asm-attrs.jar;C:\Program Files\NetBeans 7.2.1\java\modules\ext\hibernate\cglib-2.1.3.jar;C:\Program Files\NetBeans 7.2.1\java\modules\ext\hibernate\commons-collections-2.1.1.jar;C:\Program Files\NetBeans 7.2.1\ide\modules\org-apache-commons-logging.jar;C:\Program Files\NetBeans 7.2.1\java\modules\ext\hibernate\dom4j-1.6.1.jar;C:\Program Files\NetBeans 7.2.1\java\modules\ext\hibernate\ehcache-1.2.3.jar;C:\Program Files\NetBeans 7.2.1\java\modules\ext\hibernate\jdbc2_0-stdext.jar;C:\Program Files\NetBeans 7.2.1\java\modules\ext\hibernate\jta.jar;C:\Program Files\NetBeans 7.2.1\java\modules\ext\hibernate\hibernate3.jar;C:\Program Files\NetBeans 7.2.1\java\modules\ext\hibernate\hibernate-tools.jar;C:\Program Files\NetBeans 7.2.1\java\modules\ext\hibernate\hibernate-annotations.jar;C:\Program Files\NetBeans 7.2.1\java\modules\ext\hibernate\hibernate-commons-annotations.jar;C:\Program Files\NetBeans 7.2.1\java\modules\ext\hibernate\hibernate-entitymanager.jar;C:\Program Files\NetBeans 7.2.1\java\modules\ext\hibernate\javassist.jar;C:\Program Files\NetBeans 7.2.1\java\modules\ext\hibernate\ejb3-persistence.jar" />
    <property name="libs.jaxws21.src" value="" />
    <property name="application.title" value="CanarioEjemplo" />
    <property name="do.archive" value="true" />
    <property name="libs.swing-app-framework.classpath" value="C:\Program Files\NetBeans 7.2.1\java\modules\ext\appframework-1.0.3.jar;C:\Program Files\NetBeans 7.2.1\java\modules\ext\swing-worker-1.1.jar" />
    <property name="netbeans.autoupdate.language" value="es" />
    <property name="libs.jakarta_slide_ant_webdav.classpath" value="C:\Program Files\NetBeans 7.2.1\mobility\modules\ext\commons-httpclient-3.0.1.jar;C:\Program Files\NetBeans 7.2.1\ide\modules\org-apache-commons-logging.jar;C:\Program Files\NetBeans 7.2.1\mobility\modules\ext\jdom-1.0.jar;C:\Program Files\NetBeans 7.2.1\mobility\modules\ext\jakarta-slide-webdavlib-2.1.jar;C:\Program Files\NetBeans 7.2.1\mobility\modules\ext\jakarta-slide-ant-webdav-2.1.jar" />
    <property name="java.vendor" value="Oracle Corporation" />
    <property name="libs.JMUnit4CLDC10.src" value="" />
    <property name="libs.javaee-api-6.0.javadoc" value="C:\Program Files\NetBeans 7.2.1\enterprise\docs\javaee6-doc-api.zip" />
    <property name="jar.index.metainf" value="false" />
    <property name="javac.debug" value="true" />
    <property name="javadoc.splitindex" value="true" />
    <property name="file.separator" value="\" />
    <property name="platforms.Oracle_Java_TM__Platform_Micro_Edition_SDK_3_2.preverifycommandline" value="" />
    <property name="libs.restlib_gfv3ee6.classpath" value="C:\Program Files\glassfish-3.0.1\glassfish\modules\asm-all-repackaged.jar;C:\Program Files\glassfish-3.0.1\glassfish\modules\jackson-core-asl.jar;C:\Program Files\glassfish-3.0.1\glassfish\modules\jersey-gf-bundle.jar;C:\Program Files\glassfish-3.0.1\glassfish\modules\jersey-multipart.jar;C:\Program Files\glassfish-3.0.1\glassfish\modules\jettison.jar;C:\Program Files\glassfish-3.0.1\glassfish\modules\jsr311-api.jar" />
    <property name="libs.junit_4.maven-pom" value="" />
    <property name="mkdist.disabled" value="false" />
    <property name="javac.test.processorpath" value="C:\Program Files\NetBeans 7.2.1\java\modules\ext\hibernate\antlr-2.7.6.jar;C:\Program Files\NetBeans 7.2.1\java\modules\ext\hibernate\asm.jar;C:\Program Files\NetBeans 7.2.1\java\modules\ext\hibernate\asm-attrs.jar;C:\Program Files\NetBeans 7.2.1\java\modules\ext\hibernate\cglib-2.1.3.jar;C:\Program Files\NetBeans 7.2.1\java\modules\ext\hibernate\commons-collections-2.1.1.jar;C:\Program Files\NetBeans 7.2.1\ide\modules\org-apache-commons-logging.jar;C:\Program Files\NetBeans 7.2.1\java\modules\ext\hibernate\dom4j-1.6.1.jar;C:\Program Files\NetBeans 7.2.1\java\modules\ext\hibernate\ehcache-1.2.3.jar;C:\Program Files\NetBeans 7.2.1\java\modules\ext\hibernate\jdbc2_0-stdext.jar;C:\Program Files\NetBeans 7.2.1\java\modules\ext\hibernate\jta.jar;C:\Program Files\NetBeans 7.2.1\java\modules\ext\hibernate\hibernate3.jar;C:\Program Files\NetBeans 7.2.1\java\modules\ext\hibernate\hibernate-tools.jar;C:\Program Files\NetBeans 7.2.1\java\modules\ext\hibernate\hibernate-annotations.jar;C:\Program Files\NetBeans 7.2.1\java\modules\ext\hibernate\hibernate-commons-annotations.jar;C:\Program Files\NetBeans 7.2.1\java\modules\ext\hibernate\hibernate-entitymanager.jar;C:\Program Files\NetBeans 7.2.1\java\modules\ext\hibernate\javassist.jar:C:\Program Files\NetBeans 7.2.1\java\modules\ext\hibernate\ejb3-persistence.jar:C:\Program Files\NetBeans 7.2.1\ide\modules\ext\mysql-connector-java-5.1.22\mysql-connector-java-5.1.22-bin.jar:build/classes:C:\Program Files\NetBeans 7.2.1\platform\modules\ext\junit-4.10.jar" />
    <property name="netbeans.buildnumber" value="201210100934" />
    <property name="libs.JWSAntTasks.javadoc" value="" />
    <property name="build.generated.sources.dir" value="build/generated-sources" />
    <property name="user.variant" value="" />
    <property name="libs.eclipselinkmodelgen.classpath" value="C:\Program Files\NetBeans 7.2.1\java\modules\ext\eclipselink\org.eclipse.persistence.jpa.modelgen.processor-2.3.2.jar" />
    <property name="libs.Java-EE-GlassFish-v3.wscompile" value="" />
    <property name="sun.java.launcher" value="SUN_STANDARD" />
    <property name="libs.junit.classpath" value="C:\Program Files\NetBeans 7.2.1\java\modules\ext\junit-3.8.2.jar" />
    <property name="cldc-hi.bootclasspath" value="cldc_1.0.jar,cldc_1.1.jar,midp_2.0.jar,midp_2.1.jar,jsr75_1.0.jar,jsr082_1.1.jar,jsr120_1.1.jar,jsr135_1.2.jar,jsr172_1.0.jar,jsr177_1.0.jar,jsr179_1.0.jar,jsr180_1.1.jar,jsr184_1.1.jar,jsr205_2.0.jar,jsr211_1.0.jar,jsr226_1.0.jar,jsr229_1.1.jar,jsr234_1.0.jar,jsr238_1.0.jar,jsr239_1.0.jar,jsr253_1.0.jar,jsr256_1.2.jar,jsr257_1.0.jar,jsr258_1.0.jar,jsr280_1.0.jar,jsr281_1.0.jar,jsr290_1.0.jar,jsr293_1.0.jar" />
    <property name="libs.facelets-1-1-14-myfaces.javadoc" value="" />
    <property name="libs.jaxb.javadoc" value="C:\Program Files\NetBeans 7.2.1\ide\docs\jaxb-api-doc.zip" />
    <property name="jsr229.wmatool.phone-number" value="5550000" />
    <property name="libs.struts.classpath" value="C:\Program Files\NetBeans 7.2.1\enterprise\modules\ext\struts\antlr-2.7.2.jar;C:\Program Files\NetBeans 7.2.1\enterprise\modules\ext\struts\bsf-2.3.0.jar;C:\Program Files\NetBeans 7.2.1\enterprise\modules\ext\struts\commons-beanutils-1.8.0.jar;C:\Program Files\NetBeans 7.2.1\enterprise\modules\ext\struts\commons-chain-1.2.jar;C:\Program Files\NetBeans 7.2.1\enterprise\modules\ext\struts\commons-digester-1.8.jar;C:\Program Files\NetBeans 7.2.1\enterprise\modules\ext\struts\commons-fileupload-1.1.1.jar;C:\Program Files\NetBeans 7.2.1\enterprise\modules\ext\struts\commons-io-1.1.jar;C:\Program Files\NetBeans 7.2.1\enterprise\modules\ext\struts\commons-logging-1.0.4.jar;C:\Program Files\NetBeans 7.2.1\enterprise\modules\ext\struts\commons-validator-1.3.1.jar;C:\Program Files\NetBeans 7.2.1\enterprise\modules\ext\struts\jstl-1.0.2.jar;C:\Program Files\NetBeans 7.2.1\enterprise\modules\ext\struts\oro-2.0.8.jar;C:\Program Files\NetBeans 7.2.1\enterprise\modules\ext\struts\standard-1.0.6.jar;C:\Program Files\NetBeans 7.2.1\enterprise\modules\ext\struts\struts-core-1.3.10.jar;C:\Program Files\NetBeans 7.2.1\enterprise\modules\ext\struts\struts-el-1.3.10.jar;C:\Program Files\NetBeans 7.2.1\enterprise\modules\ext\struts\struts-extras-1.3.10.jar;C:\Program Files\NetBeans 7.2.1\enterprise\modules\ext\struts\struts-faces-1.3.10.jar;C:\Program Files\NetBeans 7.2.1\enterprise\modules\ext\struts\struts-mailreader-dao-1.3.10.jar;C:\Program Files\NetBeans 7.2.1\enterprise\modules\ext\struts\struts-scripting-1.3.10.jar;C:\Program Files\NetBeans 7.2.1\enterprise\modules\ext\struts\struts-taglib-1.3.10.jar;C:\Program Files\NetBeans 7.2.1\enterprise\modules\ext\struts\struts-tiles-1.3.10.jar" />
    <property name="org.openide.awt.SwingBrowserImpl.do-not-block-awt" value="false" />
    <property name="ant.home" value="C:\Program Files\NetBeans 7.2.1\java\ant" />
    <property name="libs.junit_4.src" value="C:\Program Files\NetBeans 7.2.1\java\docs\junit-4.10-sources.jar" />
    <property name="libs.testng.classpath" value="C:\Program Files\NetBeans 7.2.1\platform\modules\ext\testng-6.5.1-dist.jar" />
    <property name="libs.absolutelayout.maven-pom" value="" />
    <property name="ant.java.version" value="1.7" />
    <property name="java.library.path" value="C:\Program Files\Java\jdk1.7.0_03\jre\bin;C:\Windows\Sun\Java\bin;C:\Windows\system32;C:\Windows;C:\Program Files\NVIDIA Corporation\PhysX\Common;C:\Program Files\Common Files\Microsoft Shared\Windows Live;C:\JRun4\verity\k2\_nti40\bin;C:\Program Files\ATI Stream\bin\x86;C:\Windows\system32;C:\Windows;C:\Windows\System32\Wbem;C:\Windows\System32\WindowsPowerShell\v1.0\;C:\Program Files\QT Lite\QTSystem;C:\Program Files\ATI Technologies\ATI.ACE\Core-Static;C:\Program Files\Broadcom\Broadcom 802.11 Network Adapter\Driver;C:\MinGW\bin;C:\Program Files\Rational\common;c:\Program Files\Common Files\Ulead Systems\MPEG;C:\Program Files\GnuWin32\bin;C:\MinGW\GnuWin32\bin;C:\wamp\bin\apache\Apache2.2.17\bin;C:\wamp\bin\mysql\mysql5.5.8\bin;C:\Program Files\Microsoft ASP.NET\ASP.NET Web Pages\v1.0\;C:\wamp\cake\cake\console\;C:\wamp\bin\php\php5.3.5\;C:\Program Files\Internet Explorer;C:\Program Files\Saxonica\SaxonHE9.4N\bin;C:\wamp\bin\php\php5.3.5;C:\Program Files\Windows Live\Shared;C:\Program Files\Common Files\ACD Systems\EN;C:\Program Files\Common Files\ACD Systems;C:\Program Files\Java\jdk1.7.0_03\bin;C:\Program Files\TortoiseSVN\bin;C:\Program Files\Microsoft SQL Server\100\Tools\Binn\;C:\Program Files\Microsoft SQL Server\100\DTS\Binn\;C:\Program Files\Microsoft SQL Server\100\Tools\Binn\VSShell\Common7\IDE\;C:\Program Files\Microsoft Visual Studio 9.0\Common7\IDE\PrivateAssemblies\;C:\Program Files\QT Lite\QTSystem\;C:\Program Files\Common Files\Avid;Avid;c:\Program Files\Saxonica\SaxonHE9.4N\bin;." />
    <property name="javadoc.author" value="false" />
    <property name="platforms.Oracle_Java_TM__Platform_Micro_Edition_SDK_3_2.home" value="C:\Program Files\NetBeans 7.2.1\mobility\Java_ME_platform_SDK_3.2" />
    <property name="jsr120.sms.maximum.size" value="4096" />
    <property name="libs.metro.maven-pom" value="" />
    <property name="platforms.CDC_Oracle_Java_TM__Platform_Micro_Edition_SDK_3_2.home" value="C:\Program Files\NetBeans 7.2.1\mobility\Java_ME_platform_SDK_3.2" />
    <property name="manifest.available+main.class-mkdist.available" value="true" />
    <property name="libs.EclipseLink-GlassFish-v3.src" value="" />
    <property name="java.util.logging.config.class" value="org.netbeans.core.startup.TopLogging" />
    <property name="libs.PostgreSQLDriver.src" value="" />
    <property name="sun.arch.data.model" value="32" />
    <property name="basedir" value="C:\Users\Administrador\Documents\facu\4\programacion2\CanarioEjemplo" />
    <property name="libs.jpa20-persistence.maven-pom" value="" />
    <property name="jar.compress" value="false" />
    <property name="libs.jstl11.classpath" value="C:\Program Files\NetBeans 7.2.1\enterprise\modules\ext\standard.jar;C:\Program Files\NetBeans 7.2.1\enterprise\modules\ext\jstl.jar" />
    <property name="libs.facelets-1-1-14-el-api.javadoc" value="" />
    <property name="path.separator" value=";" />
    <property name="libs.javaee-web-api-6.0.javadoc" value="C:\Program Files\NetBeans 7.2.1\enterprise\docs\javaee6-doc-api.zip" />
    <property name="ant.junit.enabletestlistenerevents" value="true" />
    <property name="sun.io.unicode.encoding" value="UnicodeLittle" />
    <property name="libs.semc-ant-utils.javadoc" value="" />
    <property name="libs.jaxws21.classpath" value="C:\Program Files\NetBeans 7.2.1\ide\modules\ext\jaxb\jaxb-impl.jar;C:\Program Files\NetBeans 7.2.1\ide\modules\ext\jaxb\jaxb-xjc.jar;C:\Program Files\NetBeans 7.2.1\java\modules\ext\jaxws22\FastInfoset.jar;C:\Program Files\NetBeans 7.2.1\java\modules\ext\jaxws22\gmbal-api-only.jar;C:\Program Files\NetBeans 7.2.1\java\modules\ext\jaxws22\ha-api.jar;C:\Program Files\NetBeans 7.2.1\java\modules\ext\jaxws22\javax.mail_1.4.jar;C:\Program Files\NetBeans 7.2.1\java\modules\ext\jaxws22\jaxws-rt.jar;C:\Program Files\NetBeans 7.2.1\java\modules\ext\jaxws22\jaxws-tools.jar;C:\Program Files\NetBeans 7.2.1\java\modules\ext\jaxws22\management-api.jar;C:\Program Files\NetBeans 7.2.1\java\modules\ext\jaxws22\mimepull.jar;C:\Program Files\NetBeans 7.2.1\java\modules\ext\jaxws22\policy.jar;C:\Program Files\NetBeans 7.2.1\java\modules\ext\jaxws22\saaj-impl.jar;C:\Program Files\NetBeans 7.2.1\java\modules\ext\jaxws22\stax-ex.jar;C:\Program Files\NetBeans 7.2.1\java\modules\ext\jaxws22\stax2-api.jar;C:\Program Files\NetBeans 7.2.1\java\modules\ext\jaxws22\streambuffer.jar;C:\Program Files\NetBeans 7.2.1\java\modules\ext\jaxws22\woodstox-core-asl.jar;C:\Program Files\NetBeans 7.2.1\java\modules\ext\jaxws22\api\jaxws-api.jar;C:\Program Files\NetBeans 7.2.1\java\modules\ext\jaxws22\api\jsr181-api.jar;C:\Program Files\NetBeans 7.2.1\java\modules\ext\jaxws22\api\javax.annotation.jar;C:\Program Files\NetBeans 7.2.1\java\modules\ext\jaxws22\api\saaj-api.jar;C:\Program Files\NetBeans 7.2.1\ide\modules\ext\jaxb\activation.jar;C:\Program Files\NetBeans 7.2.1\ide\modules\ext\jaxb\api\jaxb-api.jar;C:\Program Files\NetBeans 7.2.1\ide\modules\ext\jaxb\api\jsr173_1.0_api.jar" />
    <property name="platforms.Oracle_Java_TM__Platform_Micro_Edition_SDK_3_2.debugcommandline" value="" />
    <property name="libs.struts.src" value="" />
    <property name="compile.on.save" value="true" />
    <property name="apple.awt.graphics.UseQuartz" value="true" />
    <property name="user.language" value="es" />
    <property name="testng.mode" value="testng" />
    <property name="cldc-hi-omda.bootclasspath" value="cldc_1.0.jar,cldc_1.1.jar,midp_2.0.jar,midp_2.1.jar,jsr75_1.0.jar,jsr120_1.1.jar,jsr135_1.2.jar,jsr177_1.0.jar,jsr179_1.0.jar,jsr184_1.1.jar,jsr205_2.0.jar,jsr211_1.0.jar,jsr226_1.0.jar,jsr234_1.0.jar,jsr256_1.2.jar,omda_1.0.jar" />
    <property name="libs.JAXB-ENDORSED.maven-pom" value="" />
    <property name="platforms.Oracle_Java_TM__Platform_Micro_Edition_SDK_3_2.runcommandline" value="" />
    <property name="libs.spring-framework.classpath" value="C:\Program Files\NetBeans 7.2.1\ide\modules\org-apache-commons-logging.jar;C:\Program Files\NetBeans 7.2.1\java\modules\ext\cglib-2.2.jar;C:\Program Files\NetBeans 7.2.1\java\modules\ext\spring\spring-2.5.6.SEC03.jar" />
    <property name="libs.eclipselink.maven-pom" value="" />
    <property name="libs.mysql-conector-java-5.1.22.classpath" value="C:\Program Files\NetBeans 7.2.1\ide\modules\ext\mysql-connector-java-5.1.22\mysql-connector-java-5.1.22-bin.jar" />
    <property name="application.vendor" value="Administrador" />
    <property name="manifest.available" value="true" />
    <property name="libs.primefaces.javadoc" value="" />
    <property name="libs.spring-framework300.maven-pom" value="" />
    <property name="run.test.classpath" value="C:\Program Files\NetBeans 7.2.1\java\modules\ext\hibernate\antlr-2.7.6.jar;C:\Program Files\NetBeans 7.2.1\java\modules\ext\hibernate\asm.jar;C:\Program Files\NetBeans 7.2.1\java\modules\ext\hibernate\asm-attrs.jar;C:\Program Files\NetBeans 7.2.1\java\modules\ext\hibernate\cglib-2.1.3.jar;C:\Program Files\NetBeans 7.2.1\java\modules\ext\hibernate\commons-collections-2.1.1.jar;C:\Program Files\NetBeans 7.2.1\ide\modules\org-apache-commons-logging.jar;C:\Program Files\NetBeans 7.2.1\java\modules\ext\hibernate\dom4j-1.6.1.jar;C:\Program Files\NetBeans 7.2.1\java\modules\ext\hibernate\ehcache-1.2.3.jar;C:\Program Files\NetBeans 7.2.1\java\modules\ext\hibernate\jdbc2_0-stdext.jar;C:\Program Files\NetBeans 7.2.1\java\modules\ext\hibernate\jta.jar;C:\Program Files\NetBeans 7.2.1\java\modules\ext\hibernate\hibernate3.jar;C:\Program Files\NetBeans 7.2.1\java\modules\ext\hibernate\hibernate-tools.jar;C:\Program Files\NetBeans 7.2.1\java\modules\ext\hibernate\hibernate-annotations.jar;C:\Program Files\NetBeans 7.2.1\java\modules\ext\hibernate\hibernate-commons-annotations.jar;C:\Program Files\NetBeans 7.2.1\java\modules\ext\hibernate\hibernate-entitymanager.jar;C:\Program Files\NetBeans 7.2.1\java\modules\ext\hibernate\javassist.jar:C:\Program Files\NetBeans 7.2.1\java\modules\ext\hibernate\ejb3-persistence.jar:C:\Program Files\NetBeans 7.2.1\ide\modules\ext\mysql-connector-java-5.1.22\mysql-connector-java-5.1.22-bin.jar:build/classes:C:\Program Files\NetBeans 7.2.1\platform\modules\ext\junit-4.10.jar:build/test/classes" />
    <property name="ant.project.invoked-targets" value="test" />
    <property name="libs.swing-layout.javadoc" value="C:\Program Files\NetBeans 7.2.1\platform\docs\swing-layout-1.0.4-doc.zip" />
    <property name="os.arch.dll.suffix" value=".*64.* -&gt; -x64; .* -&gt; -x86" />
    <property name="libs.swing-app-framework.javadoc" value="C:\Program Files\NetBeans 7.2.1\java\docs\appframework-1.0.3-doc.zip" />
    <property name="libs.ejb3-persistence.maven-pom" value="" />
    <property name="product.full.name" value="Oracle Java(TM) Platform Micro Edition SDK 3.2" />
    <property name="is.mesdk_netmon" value="true" />
    <property name="libs.lwuit.javadoc" value="" />
    <property name="libs.PostgreSQLDriver.maven-pom" value="" />
    <property name="java.class.version" value="51.0" />
    <property name="libs.javaee-endorsed-api-6.0.src" value="" />
    <property name="libs.mysql-conector-java-5.1.22.javadoc" value="" />
    <property name="libs.cdc-ant-utils.classpath" value="C:\Program Files\NetBeans 7.2.1\mobility\modules\ext\org-netbeans-modules-j2me-cdc-project.jar" />
    <property name="netbeans.system_http_proxy" value="DIRECT" />
    <property name="libs.eclipselink.javadoc" value="" />
    <property name="libs.jsp-compilation.maven-pom" value="" />
    <property name="user.properties.file" value="C:\Users\Administrador\AppData\Roaming\NetBeans\7.2.1\build.properties" />
    <property name="runtime.encoding" value="UTF-8" />
    <property name="libs.spring-framework.src" value="" />
    <property name="libs.javac-api.maven-pom" value="" />
    <property name="libs.facelets-1-1-14-myfaces.classpath" value="C:\Users\Administrador\AppData\Roaming\NetBeans\7.2.1\modules\ext\facelets-1.1.14\lib\myfaces-all.jar;C:\Program Files\NetBeans 7.2.1\enterprise\modules\ext\jsf-1_2\commons-beanutils.jar;C:\Program Files\NetBeans 7.2.1\enterprise\modules\ext\jsf-1_2\commons-collections.jar;C:\Program Files\NetBeans 7.2.1\enterprise\modules\ext\jsf-1_2\commons-digester.jar;C:\Program Files\NetBeans 7.2.1\enterprise\modules\ext\jsf-1_2\commons-logging.jar;C:\Users\Administrador\AppData\Roaming\NetBeans\7.2.1\modules\ext\facelets-1.1.14\lib\commons-el.jar" />
    <property name="file.encoding.pkg" value="sun.io" />
    <property name="sun.cpu.endian" value="little" />
    <property name="libs.JAXB-ENDORSED.javadoc" value="" />
    <property name="libs.JWSAntTasks.classpath" value="C:\Program Files\NetBeans 7.2.1\java\ant\extra\org-netbeans-modules-javawebstart-anttasks.jar" />
    <property name="libs.spring-framework300.src" value="" />
    <property name="libs.ant-contrib.classpath" value="C:\Program Files\NetBeans 7.2.1\mobility\modules\ext\ant-contrib-1.0b3.jar" />
    <property name="device-manager.object-registry.name" value="device-manager" />
    <property name="empty.dir" value="C:\Users\Administrador\Documents\facu\4\programacion2\CanarioEjemplo\build\empty" />
    <property name="version-output" value="java version &quot;1.7" />
    <property name="javadoc.preview" value="true" />
    <property name="libs.jpa20-persistence.javadoc" value="" />
    <property name="nbplatform.default.harness.dir" value="C:\Program Files\NetBeans 7.2.1/harness" />
    <property name="java.home" value="C:\Program Files\Java\jdk1.7.0_03\jre" />
    <property name="libs.ojec-ant-utils.javadoc" value="" />
    <property name="libs.jsp-compilation.src" value="" />
    <property name="libs.spring-webmvc.src" value="" />
    <property name="mozswing.gtklaf_check" value="false" />
    <property name="libs.ant-contrib.javadoc" value="" />
    <property name="debug.test.classpath" value="C:\Program Files\NetBeans 7.2.1\java\modules\ext\hibernate\antlr-2.7.6.jar;C:\Program Files\NetBeans 7.2.1\java\modules\ext\hibernate\asm.jar;C:\Program Files\NetBeans 7.2.1\java\modules\ext\hibernate\asm-attrs.jar;C:\Program Files\NetBeans 7.2.1\java\modules\ext\hibernate\cglib-2.1.3.jar;C:\Program Files\NetBeans 7.2.1\java\modules\ext\hibernate\commons-collections-2.1.1.jar;C:\Program Files\NetBeans 7.2.1\ide\modules\org-apache-commons-logging.jar;C:\Program Files\NetBeans 7.2.1\java\modules\ext\hibernate\dom4j-1.6.1.jar;C:\Program Files\NetBeans 7.2.1\java\modules\ext\hibernate\ehcache-1.2.3.jar;C:\Program Files\NetBeans 7.2.1\java\modules\ext\hibernate\jdbc2_0-stdext.jar;C:\Program Files\NetBeans 7.2.1\java\modules\ext\hibernate\jta.jar;C:\Program Files\NetBeans 7.2.1\java\modules\ext\hibernate\hibernate3.jar;C:\Program Files\NetBeans 7.2.1\java\modules\ext\hibernate\hibernate-tools.jar;C:\Program Files\NetBeans 7.2.1\java\modules\ext\hibernate\hibernate-annotations.jar;C:\Program Files\NetBeans 7.2.1\java\modules\ext\hibernate\hibernate-commons-annotations.jar;C:\Program Files\NetBeans 7.2.1\java\modules\ext\hibernate\hibernate-entitymanager.jar;C:\Program Files\NetBeans 7.2.1\java\modules\ext\hibernate\javassist.jar:C:\Program Files\NetBeans 7.2.1\java\modules\ext\hibernate\ejb3-persistence.jar:C:\Program Files\NetBeans 7.2.1\ide\modules\ext\mysql-connector-java-5.1.22\mysql-connector-java-5.1.22-bin.jar:build/classes:C:\Program Files\NetBeans 7.2.1\platform\modules\ext\junit-4.10.jar:build/test/classes" />
    <property name="http.agent" value="Administrador (from NetBeans IDE)" />
    <property name="libs.javaee-endorsed-api-6.0.classpath" value="C:\Program Files\NetBeans 7.2.1\enterprise\modules\ext\javaee6-endorsed\javax.annotation.jar;C:\Program Files\NetBeans 7.2.1\enterprise\modules\ext\javaee6-endorsed\jaxb-api-osgi.jar;C:\Program Files\NetBeans 7.2.1\enterprise\modules\ext\javaee6-endorsed\webservices-api-osgi.jar" />
    <property name="libs.javaee-api-6.0.src" value="" />
    <property name="netbeans.importclass" value="org.netbeans.upgrade.AutoUpgrade" />
    <property name="ant.project.default-target" value="default" />
    <property name="annotation.processing.run.all.processors" value="true" />
    <property name="executable.suffix" value=".exe" />
    <property name="libs.savaje-ant-utils.classpath" value="C:\Program Files\NetBeans 7.2.1\mobility\modules\ext\org-netbeans-modules-j2me-cdc-project-savaje.jar" />
    <property name="libs.mysql-conector-java-5.1.22.src" value="" />
    <property name="jar.archive.disabled" value="false" />
    <property name="jnlp.signing.alias" value="" />
    <property name="libs.PostgreSQLDriver.javadoc" value="" />
    <property name="libs.restlib.classpath" value="C:\Program Files\NetBeans 7.2.1\enterprise\modules\ext\rest\asm-3.1.jar;C:\Program Files\NetBeans 7.2.1\enterprise\modules\ext\rest\jackson-core-asl-1.7.1.jar;C:\Program Files\NetBeans 7.2.1\enterprise\modules\ext\rest\jackson-jaxrs-1.7.1.jar;C:\Program Files\NetBeans 7.2.1\enterprise\modules\ext\rest\jackson-mapper-asl-1.7.1.jar;C:\Program Files\NetBeans 7.2.1\enterprise\modules\ext\rest\jackson-xc-1.7.1.jar;C:\Program Files\NetBeans 7.2.1\enterprise\modules\ext\rest\jersey-apache-client-1.8.jar;C:\Program Files\NetBeans 7.2.1\enterprise\modules\ext\rest\jersey-atom-abdera-1.8.jar;C:\Program Files\NetBeans 7.2.1\enterprise\modules\ext\rest\jersey-client-1.8.jar;C:\Program Files\NetBeans 7.2.1\enterprise\modules\ext\rest\jersey-core-1.8.jar;C:\Program Files\NetBeans 7.2.1\enterprise\modules\ext\rest\jersey-guice-1.8.jar;C:\Program Files\NetBeans 7.2.1\enterprise\modules\ext\rest\jersey-json-1.8.jar;C:\Program Files\NetBeans 7.2.1\enterprise\modules\ext\rest\jersey-multipart-1.8.jar;C:\Program Files\NetBeans 7.2.1\enterprise\modules\ext\rest\jersey-server-1.8.jar;C:\Program Files\NetBeans 7.2.1\enterprise\modules\ext\rest\jersey-simple-server-1.8.jar;C:\Program Files\NetBeans 7.2.1\enterprise\modules\ext\rest\jersey-spring-1.8.jar;C:\Program Files\NetBeans 7.2.1\enterprise\modules\ext\rest\jettison-1.1.jar;C:\Program Files\NetBeans 7.2.1\enterprise\modules\ext\rest\oauth-client-1.8.jar;C:\Program Files\NetBeans 7.2.1\enterprise\modules\ext\rest\oauth-server-1.8.jar;C:\Program Files\NetBeans 7.2.1\enterprise\modules\ext\rest\oauth-signature-1.8.jar;C:\Program Files\NetBeans 7.2.1\ide\modules\ext\jaxb\activation.jar;C:\Program Files\NetBeans 7.2.1\ide\modules\ext\jaxb\api\jaxb-api.jar;C:\Program Files\NetBeans 7.2.1\ide\modules\ext\jaxb\api\jsr173_1.0_api.jar" />
    <property name="libs.JMUnit4CLDC11.javadoc" value="C:\Program Files\NetBeans 7.2.1\mobility\modules\docs\jmunit-1.2.1-api.zip" />
    <property name="libs.MySQLDriver.maven-pom" value="" />
    <property name="libs.savaje-ant-utils.src" value="" />
    <property name="libs.junit_4.javadoc" value="C:\Program Files\NetBeans 7.2.1\java\docs\junit-4.10-javadoc.jar" />
    <property name="libs.spring-webmvc.javadoc" value="" />
    <property name="libs.EclipseLink-GlassFish-v3.maven-pom" value="" />
    <property name="libs.javaee-web-api-6.0.maven-pom" value="" />
    <property name="libs.cdc-pp-awt-layout.classpath" value="C:\Program Files\NetBeans 7.2.1\mobility\modules\ext\cdc-pp-awt-layout.jar" />
    <property name="libs.facelets-1-1-14.javadoc" value="" />
    <property name="libs.cdc-agui-swing-layout.src" value="C:\Program Files\NetBeans 7.2.1\mobility\sources\cdc-agui-swing-layout-src.zip" />
    <property name="run.classpath" value="C:\Program Files\NetBeans 7.2.1\java\modules\ext\hibernate\antlr-2.7.6.jar;C:\Program Files\NetBeans 7.2.1\java\modules\ext\hibernate\asm.jar;C:\Program Files\NetBeans 7.2.1\java\modules\ext\hibernate\asm-attrs.jar;C:\Program Files\NetBeans 7.2.1\java\modules\ext\hibernate\cglib-2.1.3.jar;C:\Program Files\NetBeans 7.2.1\java\modules\ext\hibernate\commons-collections-2.1.1.jar;C:\Program Files\NetBeans 7.2.1\ide\modules\org-apache-commons-logging.jar;C:\Program Files\NetBeans 7.2.1\java\modules\ext\hibernate\dom4j-1.6.1.jar;C:\Program Files\NetBeans 7.2.1\java\modules\ext\hibernate\ehcache-1.2.3.jar;C:\Program Files\NetBeans 7.2.1\java\modules\ext\hibernate\jdbc2_0-stdext.jar;C:\Program Files\NetBeans 7.2.1\java\modules\ext\hibernate\jta.jar;C:\Program Files\NetBeans 7.2.1\java\modules\ext\hibernate\hibernate3.jar;C:\Program Files\NetBeans 7.2.1\java\modules\ext\hibernate\hibernate-tools.jar;C:\Program Files\NetBeans 7.2.1\java\modules\ext\hibernate\hibernate-annotations.jar;C:\Program Files\NetBeans 7.2.1\java\modules\ext\hibernate\hibernate-commons-annotations.jar;C:\Program Files\NetBeans 7.2.1\java\modules\ext\hibernate\hibernate-entitymanager.jar;C:\Program Files\NetBeans 7.2.1\java\modules\ext\hibernate\javassist.jar:C:\Program Files\NetBeans 7.2.1\java\modules\ext\hibernate\ejb3-persistence.jar:C:\Program Files\NetBeans 7.2.1\ide\modules\ext\mysql-connector-java-5.1.22\mysql-connector-java-5.1.22-bin.jar:build/classes" />
    <property name="libs.hibernate-support.src" value="" />
    <property name="jna.boot.library.name" value="jnidispatch-340" />
    <property name="libs.javaee-endorsed-api-6.0.javadoc" value="C:\Program Files\NetBeans 7.2.1\enterprise\docs\javaee6-doc-api.zip" />
    <property name="libs.JMUnit4CLDC11.classpath" value="C:\Program Files\NetBeans 7.2.1\mobility\modules\ext\jmunit4cldc11-1.2.1.jar" />
    <property name="libs.spring-webmvc3.0.javadoc" value="" />
    <property name="application.data.dir" value="." />
    <property name="orientation" value="NORMAL" />
    <property name="annotation.processing.enabled.in.editor" value="false" />
    <property name="libs.semc-ant-utils.maven-pom" value="" />
    <property name="libs.nokiadeployment.maven-pom" value="" />
    <property name="libs.restapi.src" value="" />
    <property name="jsr120.cbs-server.port" value="54455" />
    <property name="sun.management.compiler" value="HotSpot Client Compiler" />
    <property name="ant.file.CanarioEjemplo" value="C:\Users\Administrador\Documents\facu\4\programacion2\CanarioEjemplo\build.xml" />
    <property name="javac.deprecation" value="false" />
    <property name="javadoc.use" value="true" />
    <property name="sun.java2d.noddraw" value="true" />
    <property name="libs.jsp-compiler.classpath" value="C:\Program Files\NetBeans 7.2.1\enterprise\ant\extra\jspcompile.jar" />
    <property name="javac.processorpath" value="C:\Program Files\NetBeans 7.2.1\java\modules\ext\hibernate\antlr-2.7.6.jar;C:\Program Files\NetBeans 7.2.1\java\modules\ext\hibernate\asm.jar;C:\Program Files\NetBeans 7.2.1\java\modules\ext\hibernate\asm-attrs.jar;C:\Program Files\NetBeans 7.2.1\java\modules\ext\hibernate\cglib-2.1.3.jar;C:\Program Files\NetBeans 7.2.1\java\modules\ext\hibernate\commons-collections-2.1.1.jar;C:\Program Files\NetBeans 7.2.1\ide\modules\org-apache-commons-logging.jar;C:\Program Files\NetBeans 7.2.1\java\modules\ext\hibernate\dom4j-1.6.1.jar;C:\Program Files\NetBeans 7.2.1\java\modules\ext\hibernate\ehcache-1.2.3.jar;C:\Program Files\NetBeans 7.2.1\java\modules\ext\hibernate\jdbc2_0-stdext.jar;C:\Program Files\NetBeans 7.2.1\java\modules\ext\hibernate\jta.jar;C:\Program Files\NetBeans 7.2.1\java\modules\ext\hibernate\hibernate3.jar;C:\Program Files\NetBeans 7.2.1\java\modules\ext\hibernate\hibernate-tools.jar;C:\Program Files\NetBeans 7.2.1\java\modules\ext\hibernate\hibernate-annotations.jar;C:\Program Files\NetBeans 7.2.1\java\modules\ext\hibernate\hibernate-commons-annotations.jar;C:\Program Files\NetBeans 7.2.1\java\modules\ext\hibernate\hibernate-entitymanager.jar;C:\Program Files\NetBeans 7.2.1\java\modules\ext\hibernate\javassist.jar:C:\Program Files\NetBeans 7.2.1\java\modules\ext\hibernate\ejb3-persistence.jar:C:\Program Files\NetBeans 7.2.1\ide\modules\ext\mysql-connector-java-5.1.22\mysql-connector-java-5.1.22-bin.jar" />
    <property name="jsr120.mms.maximum.part.size" value="30720" />
    <property name="libs.spring-webmvc.classpath" value="C:\Program Files\NetBeans 7.2.1\enterprise\modules\ext\spring\spring-webmvc-2.5.6.SEC03.jar" />
    <property name="javac.compilerargs" value="" />
    <property name="ant.file" value="C:\Users\Administrador\Documents\facu\4\programacion2\CanarioEjemplo\build.xml" />
    <property name="work.dir.mesdk" value="work" />
    <property name="libs.beans-binding.maven-pom" value="" />
    <property name="jnlp.codebase.type" value="no.codebase" />
    <property name="product.copyright" value="&lt;br&gt;Copyright &amp;copy; 2000, 2012, Oracle and/or its affiliates. All rights reserved.&lt;br&gt;&lt;br&gt;This software and related documentation are provided under a license agreement containing restrictions on use and disclosure and are protected by intellectual property laws. Except as expressly permitted in your license agreement or allowed by law, you may not use, copy, reproduce, translate, broadcast, modify, license, transmit, distribute, exhibit, perform, publish, or display any part, in any form, or by any means. Reverse engineering, disassembly, or decompilation of this software, unless required by law for interoperability, is prohibited.&lt;br&gt;&lt;br&gt;The information contained herein is subject to change without notice and is not warranted to be error-free. If you find any errors, please report them to us in writing.&lt;br&gt;&lt;br&gt;If this is software or related software documentation that is delivered to the U.S. Government or anyone licensing it on behalf of the U.S. Government, the following notice is applicable:&lt;br&gt;&lt;br&gt;U.S. GOVERNMENT RIGHTS Programs, software, databases, and related documentation and technical data delivered to U.S. Government customers are &quot;commercial computer software&quot; or &quot;commercial technical data&quot; pursuant to the applicable Federal Acquisition Regulation and agency-specific supplemental regulations. As such, the use, duplication, disclosure, modification, and adaptation shall be subject to the restrictions and license terms set forth in the applicable Government contract, and, to the extent applicable by the terms of the Government contract, the additional rights set forth in FAR 52.227-19, Commercial Computer Software License (December 2007). Oracle America, Inc., 500 Oracle Parkway, Redwood City, CA 94065.&lt;br&gt;&lt;br&gt;This software or hardware is developed for general use in a variety of information management applications. It is not developed or intended for use in any inherently dangerous applications, including applications which may create a risk of personal injury. If you use this software or hardware in dangerous applications, then you shall be responsible to take all appropriate fail-safe, backup, redundancy, and other measures to ensure its safe use. Oracle Corporation and its affiliates disclaim any liability for any damages caused by use of this software or hardware in dangerous applications.&lt;br&gt;&lt;br&gt;Oracle and Java are registered trademarks of Oracle and/or its affiliates. Other names may be trademarks of their respective owners.&lt;br&gt;&lt;br&gt;AMD, Opteron, the AMD logo, and the AMD Opteron logo are trademarks or registered trademarks of Advanced Micro Devices. Intel and Intel Xeon are trademarks or registered trademarks of Intel Corporation. All SPARC trademarks are used under license and are trademarks or registered trademarks of SPARC International, Inc. UNIX is a registered trademark licensed through X/Open Company, Ltd.&lt;br&gt;&lt;br&gt;This software or hardware and documentation may provide access to or information on content, products, and services from third parties. Oracle Corporation and its affiliates are not responsible for and expressly disclaim all warranties of any kind with respect to third-party content, products, and services. Oracle Corporation and its affiliates will not be responsible for any loss, costs, or damages incurred due to your access to or use of third-party content, products, or services." />
    <property name="libs.jsf12.classpath" value="C:\Program Files\NetBeans 7.2.1\enterprise\modules\ext\jsf-1_2\commons-beanutils.jar;C:\Program Files\NetBeans 7.2.1\enterprise\modules\ext\jsf-1_2\commons-collections.jar;C:\Program Files\NetBeans 7.2.1\enterprise\modules\ext\jsf-1_2\commons-digester.jar;C:\Program Files\NetBeans 7.2.1\enterprise\modules\ext\jsf-1_2\commons-logging.jar;C:\Program Files\NetBeans 7.2.1\enterprise\modules\ext\jsf-1_2\jsf-api.jar;C:\Program Files\NetBeans 7.2.1\enterprise\modules\ext\jsf-1_2\jsf-impl.jar" />
    <property name="full.bootclasspath" value="cldc_1.0.jar,cldc_1.1.jar,midp_2.0.jar,midp_2.1.jar,jsr75_1.0.jar,jsr082_1.1.jar,jsr120_1.1.jar,jsr135_1.2.jar,jsr172_1.0.jar,jsr177_1.0.jar,jsr179_1.0.jar,jsr184_1.1.jar,jsr205_2.0.jar,jsr211_1.0.jar,jsr226_1.0.jar,jsr234_1.0.jar,jsr239_1.0.jar,jsr256_1.2.jar,jsr257_1.0.jar,jsr280_1.0.jar" />
    <property name="libs.Selenium.maven-pom" value="" />
    <property name="libs.restapi.maven-pom" value="" />
    <property name="libs.beans-binding.src" value="" />
    <property name="platforms.Oracle_Java_TM__Platform_Micro_Edition_SDK_3_2.type" value="UEI-1.0.1" />
    <property name="java.vm.specification.vendor" value="Oracle Corporation" />
    <property name="platforms.CDC_Oracle_Java_TM__Platform_Micro_Edition_SDK_3_2.type" value="cdc-hi" />
    <property name="libs.Java-EE-GlassFish-v3.embedabbleejb" value="" />
    <property name="libs.swing-layout.src" value="C:\Program Files\NetBeans 7.2.1\platform\docs\swing-layout-1.0.4-src.zip" />
    <property name="emulator.startup.timeout" value="100000" />
    <property name="org.openide.major.version" value="IDE/1" />
    <property name="libs.j2me_ant_ext.src" value="" />
    <property name="java.vm.name" value="Java HotSpot(TM) Client VM" />
    <property name="netbeans.user" value="C:\Users\Administrador\AppData\Roaming\NetBeans\7.2.1" />
    <property name="javadoc.additionalparam" value="" />
    <property name="jnlp.offline-allowed" value="false" />
    <property name="java.io.tmpdir" value="C:\Users\ADMINI~1\AppData\Local\Temp\" />
    <property name="java.vendor.url" value="http://java.oracle.com/" />
    <property name="endorsed.classpath.cmd.line.arg" value="" />
    <property name="junit.available" value="true" />
    <property name="libs.jsp-compiler.src" value="" />
    <property name="org.openide.awt.ActionReference.completion" value="org.netbeans.modules.apisupport.project.layers.PathCompletions" />
    <property name="have.sources" value="true" />
    <property name="sun.boot.library.path" value="C:\Program Files\Java\jdk1.7.0_03\jre\bin" />
    <property name="debug.classpath" value="C:\Program Files\NetBeans 7.2.1\java\modules\ext\hibernate\antlr-2.7.6.jar;C:\Program Files\NetBeans 7.2.1\java\modules\ext\hibernate\asm.jar;C:\Program Files\NetBeans 7.2.1\java\modules\ext\hibernate\asm-attrs.jar;C:\Program Files\NetBeans 7.2.1\java\modules\ext\hibernate\cglib-2.1.3.jar;C:\Program Files\NetBeans 7.2.1\java\modules\ext\hibernate\commons-collections-2.1.1.jar;C:\Program Files\NetBeans 7.2.1\ide\modules\org-apache-commons-logging.jar;C:\Program Files\NetBeans 7.2.1\java\modules\ext\hibernate\dom4j-1.6.1.jar;C:\Program Files\NetBeans 7.2.1\java\modules\ext\hibernate\ehcache-1.2.3.jar;C:\Program Files\NetBeans 7.2.1\java\modules\ext\hibernate\jdbc2_0-stdext.jar;C:\Program Files\NetBeans 7.2.1\java\modules\ext\hibernate\jta.jar;C:\Program Files\NetBeans 7.2.1\java\modules\ext\hibernate\hibernate3.jar;C:\Program Files\NetBeans 7.2.1\java\modules\ext\hibernate\hibernate-tools.jar;C:\Program Files\NetBeans 7.2.1\java\modules\ext\hibernate\hibernate-annotations.jar;C:\Program Files\NetBeans 7.2.1\java\modules\ext\hibernate\hibernate-commons-annotations.jar;C:\Program Files\NetBeans 7.2.1\java\modules\ext\hibernate\hibernate-entitymanager.jar;C:\Program Files\NetBeans 7.2.1\java\modules\ext\hibernate\javassist.jar:C:\Program Files\NetBeans 7.2.1\java\modules\ext\hibernate\ejb3-persistence.jar:C:\Program Files\NetBeans 7.2.1\ide\modules\ext\mysql-connector-java-5.1.22\mysql-connector-java-5.1.22-bin.jar:build/classes" />
    <property name="javadoc.private" value="false" />
    <property name="test.src.dir" value="test" />
    <property name="libs.lwuit.src" value="" />
    <property name="libs.jsf20.classpath" value="C:\Program Files\NetBeans 7.2.1\enterprise\modules\ext\jsf-2_1\jsf-api.jar;C:\Program Files\NetBeans 7.2.1\enterprise\modules\ext\jsf-2_1\jsf-impl.jar" />
    <property name="ap.processors.internal" value="" />
    <property name="uei-proxy.default-device" value="JavaMEPhone1" />
    <property name="meta.inf.dir" value="src/META-INF" />
    <property name="javadoc.encoding.used" value="UTF-8" />
    <property name="dist.jar" value="dist/CanarioEjemplo.jar" />
    <property name="java.runtime.name" value="Java(TM) SE Runtime Environment" />
    <property name="netbeans.automatic.build" value="true" />
    <property name="ant.project.name" value="CanarioEjemplo" />
    <property name="jsr120.wmatool.phone-number" value="987654321" />
    <property name="msa.bootclasspath" value="cldc_1.0.jar,cldc_1.1.jar,midp_2.0.jar,midp_2.1.jar,jsr75_1.0.jar,jsr082_1.1.jar,jsr120_1.1.jar,jsr135_1.2.jar,jsr172_1.0.jar,jsr177_1.0.jar,jsr179_1.0.jar,jsr184_1.1.jar,jsr205_2.0.jar,jsr211_1.0.jar,jsr226_1.0.jar,jsr234_1.0.jar" />
    <property name="netbeans.hash.code" value="unique=NB_CND_GFMOD_GROOVY_JAVA_JC_MOB_PHP_TOMCAT_WEBCOMMON_WEBEE0585b9636-b45d-4620-8ddb-3cecb23eea16_63084158-0404-4821-b72f-b494917a4b4f" />
    <property name="netbeans.default_userdir_root" value="C:\Users\Administrador\AppData\Roaming\NetBeans" />
    <property name="libs.jsp-compilation-syscp.maven-pom" value="" />
    <property name="manifest.available-mkdist.available" value="true" />
    <property name="libs.facelets-1-1-14-el-api.classpath" value="C:\Users\Administrador\AppData\Roaming\NetBeans\7.2.1\modules\ext\facelets-1.1.14\lib\el-api-1.0.jar" />
    <property name="sun.cpu.isalist" value="" />
    <property name="libs.j2me_ant_ext.maven-pom" value="" />
    <property name="libs.CopyLibs.javadoc" value="" />
    <property name="org.openide.specification.version" value="6.2" />
    <property name="libs.hibernate-support.classpath" value="C:\Program Files\NetBeans 7.2.1\java\modules\ext\hibernate\antlr-2.7.6.jar;C:\Program Files\NetBeans 7.2.1\java\modules\ext\hibernate\asm.jar;C:\Program Files\NetBeans 7.2.1\java\modules\ext\hibernate\asm-attrs.jar;C:\Program Files\NetBeans 7.2.1\java\modules\ext\hibernate\cglib-2.1.3.jar;C:\Program Files\NetBeans 7.2.1\java\modules\ext\hibernate\commons-collections-2.1.1.jar;C:\Program Files\NetBeans 7.2.1\ide\modules\org-apache-commons-logging.jar;C:\Program Files\NetBeans 7.2.1\java\modules\ext\hibernate\dom4j-1.6.1.jar;C:\Program Files\NetBeans 7.2.1\java\modules\ext\hibernate\ehcache-1.2.3.jar;C:\Program Files\NetBeans 7.2.1\java\modules\ext\hibernate\jdbc2_0-stdext.jar;C:\Program Files\NetBeans 7.2.1\java\modules\ext\hibernate\jta.jar;C:\Program Files\NetBeans 7.2.1\java\modules\ext\hibernate\hibernate3.jar;C:\Program Files\NetBeans 7.2.1\java\modules\ext\hibernate\hibernate-tools.jar;C:\Program Files\NetBeans 7.2.1\java\modules\ext\hibernate\hibernate-annotations.jar;C:\Program Files\NetBeans 7.2.1\java\modules\ext\hibernate\hibernate-commons-annotations.jar;C:\Program Files\NetBeans 7.2.1\java\modules\ext\hibernate\hibernate-entitymanager.jar;C:\Program Files\NetBeans 7.2.1\java\modules\ext\hibernate\javassist.jar" />
    <property name="user.home" value="C:\Users\Administrador" />
    <property name="annotation.processing.processors.list" value="" />
    <property name="debug-args-line" value="-Xdebug" />
    <property name="libs.primefaces.maven-pom" value="" />
    <property name="libs.javaee-api-6.0.maven-pom" value="" />
    <property name="device-manager.object-registry.host" value="127.0.0.1" />
    <property name="libs.JWSAntTasks.src" value="" />
    <property name="jar.index" value="false" />
    <property name="libs.CopyLibs.maven-pom" value="" />
    <property name="libs.spring-framework300.javadoc" value="" />
    <property name="libs.absolutelayout.javadoc" value="" />
    <property name="libs.hibernate-persistence.maven-pom" value="" />
    <property name="java.specification.name" value="Java Platform API Specification" />
    <property name="libs.swing-app-framework.maven-pom" value="" />
    <property name="libs.jakarta_slide_ant_webdav.maven-pom" value="" />
    <property name="do.archive+main.class.available" value="true" />
    <property name="jnlp.mixed.code" value="default" />
    <property name="libs.sjmc-ant-utils.src" value="" />
    <property name="libs.cdc-agui-swing-layout.javadoc" value="" />
    <property name="java.specification.vendor" value="Oracle Corporation" />
    <property name="libs.javac-api.classpath" value="C:\Program Files\NetBeans 7.2.1\java\modules\ext\nb-javac-api.jar" />
    <property name="impng.bootclasspath" value="cldc_1.1.jar,impng_1.0.jar,jsr75_1.0.jar,jsr120_1.1.jar,jsr172_1.0.jar,jsr177_1.0.jar,jsr179_1.0.jar,jsr280_1.0.jar,deviceaccess_1.0.jar,logging_1.0.jar,ams_1.0.jar" />
    <property name="java.version" value="1.7.0_03" />
    <property name="libs.nokiaS80-ant-utils.classpath" value="C:\Program Files\NetBeans 7.2.1\mobility\modules\ext\org-netbeans-modules-j2me-cdc-project-nokiaS80.jar" />
    <property name="run.jvmargs.ide" value="" />
    <property name="javadoc.version" value="false" />
    <property name="libs.MySQLDriver.javadoc" value="" />
    <property name="org.openide.version" value="deprecated" />
    <property name="libs.restlib_gfv3ee6.maven-pom" value="" />
    <property name="source.encoding" value="UTF-8" />
    <property name="ap.cmd.line.internal" value="" />
    <property name="libs.eclipselinkmodelgen.maven-pom" value="" />
    <property name="platforms.Java_TM__Platform_Micro_Edition_SDK_3_0.home" value="C:\Program Files\NetBeans 6.9.1\mobility\Java_ME_platform_SDK_3.0" />
    <property name="libs.jsp-compilation-syscp.javadoc" value="" />
    <property name="libs.junit.maven-pom" value="" />
    <property name="libs.eclipselinkmodelgen.javadoc" value="" />
    <property name="libs.metro.javadoc" value="C:\Program Files\NetBeans 7.2.1\enterprise\docs\metro-1.4-doc.zip" />
    <property name="libs.struts.maven-pom" value="" />
    <property name="netbeans.home+have.tests" value="true" />
    <property name="annotation.processing.processor.options" value="" />
    <property name="libs.testng.maven-pom" value="" />
    <property name="platforms.Java_TM__Platform_Micro_Edition_SDK_3_0.runcommandline" value="" />
    <property name="libs.jaxb.src" value="" />
    <property name="libs.Java-EE-GlassFish-v3.wsgenerate" value="" />
    <property name="libs.cdc-ant-utils.src" value="" />
    <property name="work.dir" value="C:\Users\Administrador\Documents\facu\4\programacion2\CanarioEjemplo" />
    <property name="libs.jaxb.classpath" value="C:\Program Files\NetBeans 7.2.1\ide\modules\ext\jaxb\jaxb-impl.jar;C:\Program Files\NetBeans 7.2.1\ide\modules\ext\jaxb\jaxb-xjc.jar;C:\Program Files\NetBeans 7.2.1\ide\modules\ext\jaxb\jaxb1-impl.jar;C:\Program Files\NetBeans 7.2.1\ide\modules\ext\jaxb\activation.jar;C:\Program Files\NetBeans 7.2.1\ide\modules\ext\jaxb\api\jaxb-api.jar;C:\Program Files\NetBeans 7.2.1\ide\modules\ext\jaxb\api\jsr173_1.0_api.jar" />
    <property name="libs.facelets-1-1-14.classpath" value="C:\Users\Administrador\AppData\Roaming\NetBeans\7.2.1\modules\ext\facelets-1.1.14\jsf-facelets.jar;C:\Users\Administrador\AppData\Roaming\NetBeans\7.2.1\modules\ext\facelets-1.1.14\lib\el-impl-1.0.jar;C:\Program Files\NetBeans 7.2.1\enterprise\modules\ext\jsf-1_2\commons-beanutils.jar;C:\Program Files\NetBeans 7.2.1\enterprise\modules\ext\jsf-1_2\commons-collections.jar;C:\Program Files\NetBeans 7.2.1\enterprise\modules\ext\jsf-1_2\commons-digester.jar;C:\Program Files\NetBeans 7.2.1\enterprise\modules\ext\jsf-1_2\commons-logging.jar;C:\Program Files\NetBeans 7.2.1\enterprise\modules\ext\jsf-1_2\jsf-api.jar;C:\Program Files\NetBeans 7.2.1\enterprise\modules\ext\jsf-1_2\jsf-impl.jar" />
    <property name="do.depend" value="false" />
    <property name="dist.javadoc.dir" value="dist/javadoc" />
    <property name="libs.swing-layout.classpath" value="C:\Program Files\NetBeans 7.2.1\platform\modules\ext\swing-layout-1.0.4.jar" />
    <property name="libs.spring-webmvc3.0.classpath" value="C:\Program Files\NetBeans 7.2.1\java\modules\ext\spring-3.0\spring-webmvc-3.1.1.RELEASE.jar" />
    <property name="libs.restlib.src" value="" />
    <property name="javac.source" value="1.7" />
    <property name="build.generated.dir" value="build/generated" />
    <property name="libs.hibernate-persistence.src" value="" />
    <property name="line.separator" value="&#xd;&#xa;" />
    <property name="java.specification.version" value="1.7" />
    <property name="libs.jaxws21.maven-pom" value="" />
    <property name="java.vm.info" value="mixed mode, sharing" />
    <property name="libs.cdc-ant-utils.javadoc" value="" />
    <property name="nb.junit.batch" value="true" />
    <property name="junit.forkmode" value="perTest" />
    <property name="libs.ojec-ant-utils.classpath" value="C:\Program Files\NetBeans 7.2.1\mobility\modules\ext\org-netbeans-modules-j2me-cdc-project-ojec.jar" />
    <property name="libs.mysql-conector-java-5.1.22.maven-pom" value="" />
    <property name="libs.spring-framework.maven-pom" value="" />
    <property name="sun.boot.class.path" value="C:\Program Files\Java\jdk1.7.0_03\jre\lib\resources.jar;C:\Program Files\Java\jdk1.7.0_03\jre\lib\rt.jar;C:\Program Files\Java\jdk1.7.0_03\jre\lib\sunrsasign.jar;C:\Program Files\Java\jdk1.7.0_03\jre\lib\jsse.jar;C:\Program Files\Java\jdk1.7.0_03\jre\lib\jce.jar;C:\Program Files\Java\jdk1.7.0_03\jre\lib\charsets.jar;C:\Program Files\Java\jdk1.7.0_03\jre\classes" />
    <property name="libs.Selenium.javadoc" value="" />
    <property name="javac.target" value="1.7" />
    <property name="built-jar.properties" value="C:\Users\Administrador\Documents\facu\4\programacion2\CanarioEjemplo\build\built-jar.properties" />
    <property name="build.test.classes.dir" value="build/test/classes" />
    <property name="platforms.Java_TM__Platform_Micro_Edition_SDK_3_0.debugcommandline" value="" />
    <property name="src.dir" value="src" />
    <property name="sun.awt.keepWorkingSetOnMinimize" value="true" />
    <property name="annotation.processing.enabled" value="true" />
    <property name="swing.appname.parameter" value="-Dapp.name" />
    <property name="libs.jsf20.src" value="" />
    <property name="libs.jpa20-persistence.src" value="" />
    <property name="libs.lwuit.classpath" value="C:\Users\Administrador\AppData\Roaming\NetBeans\7.2.1\modules\libs\LWUIT.jar" />
    <property name="libs.struts2.maven-pom" value="" />
    <property name="libs.jsf12.src" value="" />
    <property name="libs.nokiadeployment.src" value="" />
    <property name="libs.savaje-ant-utils.javadoc" value="" />
    <property name="nbplatform.default.netbeans.dest.dir" value="C:\Program Files\NetBeans 7.2.1" />
    <property name="libs.struts.javadoc" value="C:\Program Files\NetBeans 7.2.1\enterprise\docs\struts-1.3.10-javadoc.zip" />
    <property name="ignore.failing.tests" value="true" />
    <property name="libs.Comet-GlassFish-v3.classpath" value="C:\Users\Administrador\GlassFish_Server\glassfish\modules\grizzly-comet.jar" />
    <property name="libs.cdc-ant-utils.maven-pom" value="" />
    <property name="libs.restlib_gfv3ee6.javadoc" value="C:\Program Files\NetBeans 6.9.1\enterprise\docs\jsr311-api-1.1.1-javadoc.zip" />
    <property name="libs.primefaces.src" value="" />
    <property name="libs.cdc-agui-swing-layout.classpath" value="C:\Program Files\NetBeans 7.2.1\mobility\modules\ext\cdc-agui-swing-layout.jar" />
    <property name="dist.dir" value="dist" />
    <property name="runtime.internal.com.sun.midp.io.http.proxy.host" value="DIRECT" />
    <property name="libs.groovy-all.javadoc" value="" />
    <property name="do.archive+manifest.available+main.class" value="true" />
    <property name="testng.debug.mode" value="" />
    <property name="no.set.rowheight" value="true" />
    <property name="libs.groovy-all.classpath" value="C:\Program Files\NetBeans 7.2.1\groovy\modules\ext\groovy-all.jar" />
    <property name="libs.sjmc-ant-utils.classpath" value="C:\Program Files\NetBeans 7.2.1\mobility\modules\ext\org-netbeans-modules-j2me-cdc-project-sjmc.jar" />
    <property name="javac.fork" value="false" />
    <property name="libs.facelets-1-1-14-myfaces.maven-pom" value="" />
    <property name="libs.facelets-1-1-14-myfaces.src" value="" />
    <property name="java.awt.printerjob" value="sun.awt.windows.WPrinterJob" />
    <property name="libs.JMUnit4CLDC10.classpath" value="C:\Program Files\NetBeans 7.2.1\mobility\modules\ext\jmunit4cldc10-1.2.1.jar" />
    <property name="default.javac.source" value="1.7" />
    <property name="debug-transport-by-os" value="dt_shmem" />
    <property name="window_id" value="Java_ME_SDK_DeviceManager" />
    <property name="sun.jnu.encoding" value="Cp1252" />
    <property name="libs.MySQLDriver.src" value="" />
    <property name="libs.ant-contrib.maven-pom" value="" />
    <property name="libs.nokiadeployment.javadoc" value="" />
    <property name="build.test.results.dir" value="build/test/results" />
    <property name="java.runtime.version" value="1.7.0_03-b05" />
    <property name="libs.ejb3-persistence.javadoc" value="" />
    <property name="libs.sjmc-ant-utils.javadoc" value="" />
    <property name="manifest.available+main.class+mkdist.available" value="true" />
    <property name="default.javac.target" value="1.7" />
    <property name="libs.junit_4.classpath" value="C:\Program Files\NetBeans 7.2.1\platform\modules\ext\junit-4.10.jar" />
    <property name="libs.Java-EE-GlassFish-v3.src" value="" />
    <property name="user.timezone" value="" />
    <property name="nb.junit.single" value="false" />
    <property name="do.jar" value="true" />
    <property name="libs.ant-contrib.src" value="" />
    <property name="libs.javaee-endorsed-api-6.0.maven-pom" value="" />
    <property name="netbeans.dirs" value="C:\Program Files\NetBeans 7.2.1\nb;C:\Program Files\NetBeans 7.2.1\ergonomics;C:\Program Files\NetBeans 7.2.1\ide;C:\Program Files\NetBeans 7.2.1\java;C:\Program Files\NetBeans 7.2.1\apisupport;C:\Program Files\NetBeans 7.2.1\webcommon;C:\Program Files\NetBeans 7.2.1\websvccommon;C:\Program Files\NetBeans 7.2.1\enterprise;C:\Program Files\NetBeans 7.2.1\mobility;C:\Program Files\NetBeans 7.2.1\profiler;C:\Program Files\NetBeans 7.2.1\python;C:\Program Files\NetBeans 7.2.1\php;C:\Program Files\NetBeans 7.2.1\identity;C:\Program Files\NetBeans 7.2.1\harness;C:\Program Files\NetBeans 7.2.1\cnd;C:\Program Files\NetBeans 7.2.1\dlight;C:\Program Files\NetBeans 7.2.1\groovy;C:\Program Files\NetBeans 7.2.1\extra;C:\Program Files\NetBeans 7.2.1\javacard;C:\Program Files\NetBeans 7.2.1\javafx" />
    <property name="libs.jsf20.javadoc" value="C:\Program Files\NetBeans 7.2.1\enterprise\docs\javaee6-doc-api.zip" />
    <property name="libs.restlib_gfv3ee6.src" value="" />
    <property name="java.ext.dirs" value="C:\Program Files\Java\jdk1.7.0_03\jre\lib\ext;C:\Windows\Sun\Java\lib\ext" />
    <property name="ant.file.type.CanarioEjemplo-impl" value="file" />
    <property name="libs.metro.src" value="" />
    <property name="endorsed.classpath" value="" />
    <property name="libs.semc-ant-utils.src" value="" />
    <property name="libs.savaje-ant-utils.maven-pom" value="" />
    <property name="libs.absolutelayout.classpath" value="C:\Program Files\NetBeans 7.2.1\java\modules\ext\AbsoluteLayout.jar" />
    <property name="excludes" value="" />
    <property name="jsr120.mms.recommended.size" value="307200" />
    <property name="libs.restlib.maven-pom" value="" />
    <property name="libs.metro.classpath" value="C:\Program Files\NetBeans 7.2.1\ide\modules\ext\jaxb\activation.jar;C:\Program Files\NetBeans 7.2.1\enterprise\modules\ext\metro\webservices-api.jar;C:\Program Files\NetBeans 7.2.1\enterprise\modules\ext\metro\webservices-extra-api.jar;C:\Program Files\NetBeans 7.2.1\enterprise\modules\ext\metro\webservices-extra.jar;C:\Program Files\NetBeans 7.2.1\enterprise\modules\ext\metro\webservices-rt.jar;C:\Program Files\NetBeans 7.2.1\enterprise\modules\ext\metro\webservices-tools.jar" />
    <property name="jtwi.bootclasspath" value="cldc_1.0.jar,cldc_1.1.jar,midp_1.0.jar,midp_2.0.jar,jsr120_1.1.jar,jsr135_1.2.jar" />
    <property name="apple.laf.useScreenMenuBar" value="true" />
    <property name="java.class.path" value="C:\Program Files\NetBeans 7.2.1\java\modules\ext\hibernate\antlr-2.7.6.jar;C:\Program Files\NetBeans 7.2.1\java\modules\ext\hibernate\asm.jar;C:\Program Files\NetBeans 7.2.1\java\modules\ext\hibernate\asm-attrs.jar;C:\Program Files\NetBeans 7.2.1\java\modules\ext\hibernate\cglib-2.1.3.jar;C:\Program Files\NetBeans 7.2.1\java\modules\ext\hibernate\commons-collections-2.1.1.jar;C:\Program Files\NetBeans 7.2.1\ide\modules\org-apache-commons-logging.jar;C:\Program Files\NetBeans 7.2.1\java\modules\ext\hibernate\dom4j-1.6.1.jar;C:\Program Files\NetBeans 7.2.1\java\modules\ext\hibernate\ehcache-1.2.3.jar;C:\Program Files\NetBeans 7.2.1\java\modules\ext\hibernate\jdbc2_0-stdext.jar;C:\Program Files\NetBeans 7.2.1\java\modules\ext\hibernate\jta.jar;C:\Program Files\NetBeans 7.2.1\java\modules\ext\hibernate\hibernate3.jar;C:\Program Files\NetBeans 7.2.1\java\modules\ext\hibernate\hibernate-tools.jar;C:\Program Files\NetBeans 7.2.1\java\modules\ext\hibernate\hibernate-annotations.jar;C:\Program Files\NetBeans 7.2.1\java\modules\ext\hibernate\hibernate-commons-annotations.jar;C:\Program Files\NetBeans 7.2.1\java\modules\ext\hibernate\hibernate-entitymanager.jar;C:\Program Files\NetBeans 7.2.1\java\modules\ext\hibernate\javassist.jar;C:\Program Files\NetBeans 7.2.1\java\modules\ext\hibernate\ejb3-persistence.jar;C:\Program Files\NetBeans 7.2.1\ide\modules\ext\mysql-connector-java-5.1.22\mysql-connector-java-5.1.22-bin.jar;C:\Users\Administrador\Documents\facu\4\programacion2\CanarioEjemplo\build\classes;C:\Program Files\NetBeans 7.2.1\platform\modules\ext\junit-4.10.jar;C:\Users\Administrador\Documents\facu\4\programacion2\CanarioEjemplo\build\test\classes;C:\Users\Administrador\Documents\facu\4\programacion2\CanarioEjemplo;C:\Program Files\Java\jre7\lib\ext\QTJava.zip;C:\Program Files\Apache Software Foundation\Apache Tomcat 7.0.27\bin;C:\Program Files\NetBeans 7.2.1\java\ant\lib\ant-launcher.jar;C:\Program Files\NetBeans 7.2.1\java\ant\lib\ant.jar;C:\Program Files\NetBeans 7.2.1\java\ant\lib\ant-junit.jar;C:\Program Files\NetBeans 7.2.1\java\ant\lib\ant-junit4.jar" />
    <property name="libs.facelets-1-1-14-el-api.src" value="" />
    <property name="do.mkdist" value="true" />
    <property name="libs.absolutelayout.src" value="" />
    <property name="libs.jpa20-persistence.classpath" value="C:\Program Files\NetBeans 7.2.1\java\modules\ext\eclipselink\javax.persistence-2.0.3.jar" />
    <property name="supports.rotation" value="false" />
    <property name="libs.cdc-pp-awt-layout.maven-pom" value="" />
    <property name="os.version" value="6.1" />
    <property name="application.args" value="" />
    <property name="libs.EclipseLink-GlassFish-v3.javadoc" value="C:\Program Files\NetBeans 7.2.1\enterprise\docs\javaee6-doc-api.zip" />
    <property name="libs.facelets-1-1-14.src" value="" />
    <property name="libs.JMUnit4CLDC11.maven-pom" value="" />
    <property name="main.class.available" value="true" />
    <property name="sun.awt.enableExtraMouseButtons" value="true" />
    <property name="sun.desktop" value="windows" />
    <property name="emulator.arguments" value="" />
    <property name="libs.Comet-GlassFish-v3.src" value="" />
    <property name="libs.restlib.javadoc" value="C:\Program Files\NetBeans 7.2.1\enterprise\docs\jersey-1.8-javadoc.zip;C:\Program Files\NetBeans 7.2.1\enterprise\docs\jersey-apache-client-1.8-javadoc.zip;C:\Program Files\NetBeans 7.2.1\enterprise\docs\jersey-atom-abdera-1.8-javadoc.zip;C:\Program Files\NetBeans 7.2.1\enterprise\docs\jersey-guice-1.8-javadoc.zip;C:\Program Files\NetBeans 7.2.1\enterprise\docs\jersey-multipart-1.8-javadoc.zip;C:\Program Files\NetBeans 7.2.1\enterprise\docs\jersey-simple-server-1.8-javadoc.zip;C:\Program Files\NetBeans 7.2.1\enterprise\docs\jersey-spring-1.8-javadoc.zip;C:\Program Files\NetBeans 7.2.1\enterprise\docs\oauth-client-1.8-javadoc.zip;C:\Program Files\NetBeans 7.2.1\enterprise\docs\oauth-server-1.8-javadoc.zip;C:\Program Files\NetBeans 7.2.1\enterprise\docs\oauth-signature-1.8-javadoc.zip" />
    <property name="libs.JAXB-ENDORSED.classpath" value="C:\Program Files\NetBeans 7.2.1\ide\modules\ext\jaxb\api\jaxb-api.jar" />
    <property name="libs.eclipselink.classpath" value="C:\Program Files\NetBeans 7.2.1\java\modules\ext\eclipselink\eclipselink-2.3.2.jar;C:\Program Files\NetBeans 7.2.1\java\modules\ext\eclipselink\javax.persistence-2.0.3.jar;C:\Program Files\NetBeans 7.2.1\java\modules\ext\eclipselink\org.eclipse.persistence.jpa.jpql_1.0.1.jar" />
    <property name="java.awt.graphicsenv" value="sun.awt.Win32GraphicsEnvironment" />
    <property name="libs.beans-binding.javadoc" value="C:\Program Files\NetBeans 7.2.1\java\docs\beansbinding-1.2.1-doc.zip" />
    <property name="libs.Java-EE-GlassFish-v3.classpath" value="C:\Users\Administrador\GlassFish_Server\glassfish\modules\webservices-osgi.jar;C:\Users\Administrador\GlassFish_Server\glassfish\modules\javax.servlet-api.jar;C:\Users\Administrador\GlassFish_Server\glassfish\modules\javax.management.j2ee.jar;C:\Users\Administrador\GlassFish_Server\glassfish\modules\endorsed\webservices-api-osgi.jar;C:\Users\Administrador\GlassFish_Server\glassfish\modules\weld-osgi-bundle.jar;C:\Users\Administrador\GlassFish_Server\glassfish\modules\javax.el-api.jar;C:\Users\Administrador\GlassFish_Server\glassfish\modules\javax.transaction.jar;C:\Users\Administrador\GlassFish_Server\glassfish\modules\javax.jms.jar;C:\Users\Administrador\GlassFish_Server\glassfish\modules\javax.enterprise.deploy.jar;C:\Users\Administrador\GlassFish_Server\glassfish\modules\javax.servlet.jsp-api.jar;C:\Users\Administrador\GlassFish_Server\glassfish\modules\javax.servlet.jsp.jstl.jar;C:\Users\Administrador\GlassFish_Server\glassfish\modules\javax.ejb.jar;C:\Users\Administrador\GlassFish_Server\glassfish\modules\javax.security.auth.message.jar;C:\Users\Administrador\GlassFish_Server\glassfish\modules\javax.mail.jar;C:\Users\Administrador\GlassFish_Server\glassfish\modules\jaxb-osgi.jar;C:\Users\Administrador\GlassFish_Server\glassfish\modules\bean-validator.jar;C:\Users\Administrador\GlassFish_Server\glassfish\modules\javax.security.jacc.jar;C:\Users\Administrador\GlassFish_Server\glassfish\modules\endorsed\jaxb-api-osgi.jar;C:\Users\Administrador\GlassFish_Server\glassfish\modules\javax.resource.jar;C:\Users\Administrador\GlassFish_Server\glassfish\modules\javax.faces.jar;C:\Users\Administrador\GlassFish_Server\glassfish\modules\javax.persistence.jar;C:\Users\Administrador\GlassFish_Server\glassfish\modules\jersey-core.jar;C:\Users\Administrador\GlassFish_Server\glassfish\modules\endorsed\javax.annotation.jar;C:\Users\Administrador\GlassFish_Server\glassfish\modules\javax.servlet.jsp.jstl-api.jar;C:\Users\Administrador\GlassFish_Server\mq\lib\jaxm-api.jar;C:\Users\Administrador\GlassFish_Server\glassfish\modules\web-core.jar;C:\Users\Administrador\GlassFish_Server\glassfish\modules\jackson-core-asl.jar;C:\Users\Administrador\GlassFish_Server\glassfish\modules\jackson-jaxrs.jar;C:\Users\Administrador\GlassFish_Server\glassfish\modules\jackson-mapper-asl.jar;C:\Users\Administrador\GlassFish_Server\glassfish\modules\jersey-client.jar;C:\Users\Administrador\GlassFish_Server\glassfish\modules\jersey-core.jar;C:\Users\Administrador\GlassFish_Server\glassfish\modules\jersey-gf-server.jar;C:\Users\Administrador\GlassFish_Server\glassfish\modules\jersey-json.jar;C:\Users\Administrador\GlassFish_Server\glassfish\modules\jersey-multipart.jar;C:\Users\Administrador\GlassFish_Server\glassfish\modules\jettison.jar;C:\Users\Administrador\GlassFish_Server\glassfish\modules\mimepull.jar" />
    <property name="java.vm.vendor" value="Oracle Corporation" />
    <property name="libs.CopyLibs.classpath" value="C:\Program Files\NetBeans 7.2.1\java\ant\extra\org-netbeans-modules-java-j2seproject-copylibstask.jar" />
    <property name="toolkits.dir" value="javame-sdk" />
    <property name="libs.spring-framework300.classpath" value="C:\Program Files\NetBeans 7.2.1\ide\modules\org-apache-commons-logging.jar;C:\Program Files\NetBeans 7.2.1\java\modules\ext\cglib-2.2.jar;C:\Program Files\NetBeans 7.2.1\java\modules\ext\spring-3.0\spring-aop-3.1.1.RELEASE.jar;C:\Program Files\NetBeans 7.2.1\java\modules\ext\spring-3.0\spring-asm-3.1.1.RELEASE.jar;C:\Program Files\NetBeans 7.2.1\java\modules\ext\spring-3.0\spring-aspects-3.1.1.RELEASE.jar;C:\Program Files\NetBeans 7.2.1\java\modules\ext\spring-3.0\spring-beans-3.1.1.RELEASE.jar;C:\Program Files\NetBeans 7.2.1\java\modules\ext\spring-3.0\spring-context-3.1.1.RELEASE.jar;C:\Program Files\NetBeans 7.2.1\java\modules\ext\spring-3.0\spring-context-support-3.1.1.RELEASE.jar;C:\Program Files\NetBeans 7.2.1\java\modules\ext\spring-3.0\spring-core-3.1.1.RELEASE.jar;C:\Program Files\NetBeans 7.2.1\java\modules\ext\spring-3.0\spring-expression-3.1.1.RELEASE.jar;C:\Program Files\NetBeans 7.2.1\java\modules\ext\spring-3.0\spring-instrument-3.1.1.RELEASE.jar;C:\Program Files\NetBeans 7.2.1\java\modules\ext\spring-3.0\spring-instrument-tomcat-3.1.1.RELEASE.jar;C:\Program Files\NetBeans 7.2.1\java\modules\ext\spring-3.0\spring-jdbc-3.1.1.RELEASE.jar;C:\Program Files\NetBeans 7.2.1\java\modules\ext\spring-3.0\spring-jms-3.1.1.RELEASE.jar;C:\Program Files\NetBeans 7.2.1\java\modules\ext\spring-3.0\spring-orm-3.1.1.RELEASE.jar;C:\Program Files\NetBeans 7.2.1\java\modules\ext\spring-3.0\spring-oxm-3.1.1.RELEASE.jar;C:\Program Files\NetBeans 7.2.1\java\modules\ext\spring-3.0\spring-test-3.1.1.RELEASE.jar;C:\Program Files\NetBeans 7.2.1\java\modules\ext\spring-3.0\spring-tx-3.1.1.RELEASE.jar;C:\Program Files\NetBeans 7.2.1\java\modules\ext\spring-3.0\spring-web-3.1.1.RELEASE.jar;C:\Program Files\NetBeans 7.2.1\java\modules\ext\spring-3.0\spring-webmvc-portlet-3.1.1.RELEASE.jar;C:\Program Files\NetBeans 7.2.1\java\modules\ext\spring-3.0\spring-webmvc-3.1.1.RELEASE.jar;C:\Program Files\NetBeans 7.2.1\java\modules\ext\spring-3.0\spring-struts-3.1.1.RELEASE.jar" />
    <property name="libs.jsp-compiler.maven-pom" value="" />
    <property name="libs.Java-EE-GlassFish-v3.wsinterop" value="" />
    <property name="libs.spring-webmvc.maven-pom" value="" />
    <property name="run.jvmargs" value="" />
    <property name="libs.ejb3-persistence.classpath" value="C:\Program Files\NetBeans 7.2.1\java\modules\ext\hibernate\ejb3-persistence.jar" />
    <property name="libs.spring-framework.javadoc" value="" />
    <property name="platforms.Java_TM__Platform_Micro_Edition_SDK_3_0.type" value="UEI-1.0.1" />
    <property name="libs.JAXB-ENDORSED.src" value="" />
    <property name="libs.testng.javadoc" value="C:\Program Files\NetBeans 7.2.1\platform\docs\testng-6.5.1-javadoc.zip" />
    <property name="libs.PostgreSQLDriver.classpath" value="C:\Program Files\NetBeans 7.2.1\ide\modules\ext\postgresql-9.1-901.jdbc4.jar" />
    <property name="user.script" value="" />
    <property name="libs.jsf12.maven-pom" value="" />
    <property name="jnlp.signing" value="" />
    <property name="libs.junit.src" value="" />
    <property name="annotation.processing.source.output" value="build/generated-sources/ap-source-output" />
    <property name="jnlp.signed" value="false" />
    <property name="main.class" value="canarioejemplo.CanarioEjemplo" />
    <property name="libs.CopyLibs.src" value="" />
    <property name="build.dir" value="build" />
    <property name="libs.jsp-compilation.classpath" value="C:\Program Files\NetBeans 7.2.1\java\ant\lib\ant.jar;C:\Program Files\NetBeans 7.2.1\enterprise\modules\ext\servlet3.0-jsp2.2-api.jar;C:\Program Files\NetBeans 7.2.1\enterprise\modules\ext\glassfish-jspparser-3.0.jar;C:\Program Files\NetBeans 7.2.1\enterprise\modules\ext\jsf-2_1\jsf-api.jar;C:\Program Files\NetBeans 7.2.1\enterprise\modules\ext\jstl.jar;C:\Program Files\NetBeans 7.2.1\java\ant\lib\ant-launcher.jar" />
    <property name="device-manager.object-registry.port" value="1299" />
    <property name="ant.version" value="Apache Ant(TM) version 1.8.3 compiled on February 26 2012" />
    <property name="file.encoding" value="Cp1252" />
    <property name="is.jmesdk" value="true" />
    <property name="build.classes.excludes" value="**/*.java,**/*.form" />
    <property name="jdkBug6558476" value="false" />
    <property name="javadoc.nonavbar" value="false" />
    <property name="platform.active" value="default_platform" />
    <property name="awt.toolkit" value="sun.awt.windows.WToolkit" />
  </properties>
  <testcase classname="Configuracion.FollowerTest" name="testSetIdRelation" time="0.016">
    <failure message="The test case is a prototype." type="junit.framework.AssertionFailedError">junit.framework.AssertionFailedError: The test case is a prototype.
	at Configuracion.FollowerTest.testSetIdRelation(FollowerTest.java:63)
</failure>
  </testcase>
  <testcase classname="Configuracion.FollowerTest" name="testGetIdRelation" time="0.018">
    <failure message="The test case is a prototype." type="junit.framework.AssertionFailedError">junit.framework.AssertionFailedError: The test case is a prototype.
	at Configuracion.FollowerTest.testGetIdRelation(FollowerTest.java:50)
</failure>
  </testcase>
  <testcase classname="Configuracion.FollowerTest" name="testGetUserByIdFollower" time="0.002">
    <failure message="The test case is a prototype." type="junit.framework.AssertionFailedError">junit.framework.AssertionFailedError: The test case is a prototype.
	at Configuracion.FollowerTest.testGetUserByIdFollower(FollowerTest.java:77)
</failure>
  </testcase>
  <testcase classname="Configuracion.FollowerTest" name="testSetUserByIdFollower" time="0.004">
    <failure message="The test case is a prototype." type="junit.framework.AssertionFailedError">junit.framework.AssertionFailedError: The test case is a prototype.
	at Configuracion.FollowerTest.testSetUserByIdFollower(FollowerTest.java:90)
</failure>
  </testcase>
  <testcase classname="Configuracion.FollowerTest" name="testGetUserByIdFollowed" time="0.002">
    <failure message="The test case is a prototype." type="junit.framework.AssertionFailedError">junit.framework.AssertionFailedError: The test case is a prototype.
	at Configuracion.FollowerTest.testGetUserByIdFollowed(FollowerTest.java:104)
</failure>
  </testcase>
  <testcase classname="Configuracion.FollowerTest" name="testSetUserByIdFollowed" time="0.002">
    <failure message="The test case is a prototype." type="junit.framework.AssertionFailedError">junit.framework.AssertionFailedError: The test case is a prototype.
	at Configuracion.FollowerTest.testSetUserByIdFollowed(FollowerTest.java:117)
</failure>
  </testcase>
  <system-out><![CDATA[setIdRelation
getIdRelation
getUserByIdFollower
setUserByIdFollower
getUserByIdFollowed
setUserByIdFollowed
]]></system-out>
  <system-err><![CDATA[]]></system-err>
</testsuite>
